#
# A fatal error has been detected by the Java Runtime Environment:
#
#  Internal Error (semaphore_bsd.cpp:45), pid=33660, tid=30723
#  guarantee(ret == KERN_SUCCESS) failed: Failed to create semaphore: Unknown
#
# JRE version: OpenJDK Runtime Environment AdoptOpenJDK-11.0.11+9 (11.0.11+9) (build 11.0.11+9)
# Java VM: OpenJDK 64-Bit Server VM AdoptOpenJDK-11.0.11+9 (11.0.11+9, mixed mode, tiered, compressed oops, g1 gc, bsd-amd64)
# No core dump will be written. Core dumps have been disabled. To enable core dumping, try "ulimit -c unlimited" before starting Java again
#
# If you would like to submit a bug report, please visit:
#   https://github.com/AdoptOpenJDK/openjdk-support/issues
#

---------------  S U M M A R Y ------------

Command Line: -Dpf4j.mode=development -Dpf4j.pluginsDir=appsmith-plugins -XX:TieredStopAtLevel=1 -Xverify:none -Dspring.output.ansi.enabled=always -javaagent:/Applications/IntelliJ IDEA.app/Contents/lib/idea_rt.jar=49173:/Applications/IntelliJ IDEA.app/Contents/bin -Dcom.sun.management.jmxremote -Dspring.jmx.enabled=true -Dspring.liveBeansView.mbeanDomain -Dspring.application.admin.enabled=true -agentpath:/private/var/folders/b2/51bw0q6j44v34k9lkng9wts80000gn/T/libasyncProfiler.so=start,jfr,interval=1ms,framebuf=15000000,file=/Users/anaghhegde/AppsmithServer_2022_06_17_144448.jfr -Dfile.encoding=UTF-8 com.appsmith.server.ServerApplication

Host: MacBookPro17,1 x86_64 2400 MHz, 8 cores, 8G, Darwin 21.1.0
Time: Fri Jun 17 14:45:03 2022 IST elapsed time: 15.541023 seconds (0d 0h 0m 15s)

---------------  T H R E A D  ---------------

Current thread (0x00007fd7d874c000):  JavaThread "RMI TCP Connection(1)-127.0.0.1" daemon [_thread_in_vm, id=30723, stack(0x000000030663e000,0x000000030673e000)]

Stack: [0x000000030663e000,0x000000030673e000],  sp=0x0000000306739fd0,  free space=1007k
Native frames: (J=compiled Java code, A=aot compiled Java code, j=interpreted, Vv=VM code, C=native code)
V  [libjvm.dylib+0x7bb973]  _ZN7VMError14report_and_dieEiPKcS1_P13__va_list_tagP6ThreadPhPvS7_S1_im+0x64f
V  [libjvm.dylib+0x7bc06f]  _ZN7VMError14report_and_dieEP6ThreadPvPKciS4_S4_P13__va_list_tag+0x47
V  [libjvm.dylib+0x275182]  _Z15report_vm_errorPKciS0_S0_z+0xa9
V  [libjvm.dylib+0x6968e4]  _ZN12OSXSemaphoreC2Ej+0x66
V  [libjvm.dylib+0x372848]  _ZN14HandshakeStateC1Ev+0x1e
V  [libjvm.dylib+0x772d75]  _ZN10JavaThreadC2EPFvPS_P6ThreadEm+0x53
V  [libjvm.dylib+0x43688d]  JVM_StartThread+0x167
j  java.lang.Thread.start0()V+0 java.base@11.0.11
j  java.lang.Thread.start()V+26 java.base@11.0.11
j  com.sun.jmx.remote.internal.ServerCommunicatorAdmin.<init>(J)V+109 java.management@11.0.11
j  javax.management.remote.rmi.RMIConnectionImpl$RMIServerCommunicatorAdmin.<init>(Ljavax/management/remote/rmi/RMIConnectionImpl;J)V+7 java.management.rmi@11.0.11
j  javax.management.remote.rmi.RMIConnectionImpl.<init>(Ljavax/management/remote/rmi/RMIServerImpl;Ljava/lang/String;Ljava/lang/ClassLoader;Ljavax/security/auth/Subject;Ljava/util/Map;)V+244 java.management.rmi@11.0.11
j  javax.management.remote.rmi.RMIJRMPServerImpl.makeClient(Ljava/lang/String;Ljavax/security/auth/Subject;)Ljavax/management/remote/rmi/RMIConnection;+29 java.management.rmi@11.0.11
j  javax.management.remote.rmi.RMIServerImpl.doNewClient(Ljava/lang/Object;)Ljavax/management/remote/rmi/RMIConnection;+228 java.management.rmi@11.0.11
j  javax.management.remote.rmi.RMIServerImpl.newClient(Ljava/lang/Object;)Ljavax/management/remote/rmi/RMIConnection;+2 java.management.rmi@11.0.11
j  jdk.internal.reflect.GeneratedMethodAccessor44.invoke(Ljava/lang/Object;[Ljava/lang/Object;)Ljava/lang/Object;+40 java.base@11.0.11
J 2482 c1 jdk.internal.reflect.DelegatingMethodAccessorImpl.invoke(Ljava/lang/Object;[Ljava/lang/Object;)Ljava/lang/Object; java.base@11.0.11 (10 bytes) @ 0x0000000114f95584 [0x0000000114f95540+0x0000000000000044]
J 2767 c1 java.lang.reflect.Method.invoke(Ljava/lang/Object;[Ljava/lang/Object;)Ljava/lang/Object; java.base@11.0.11 (65 bytes) @ 0x000000011502dfec [0x000000011502dee0+0x000000000000010c]
j  sun.rmi.server.UnicastServerRef.dispatch(Ljava/rmi/Remote;Ljava/rmi/server/RemoteCall;)V+264 java.rmi@11.0.11
j  sun.rmi.transport.Transport$1.run()Ljava/lang/Void;+23 java.rmi@11.0.11
j  sun.rmi.transport.Transport$1.run()Ljava/lang/Object;+1 java.rmi@11.0.11
v  ~StubRoutines::call_stub
V  [libjvm.dylib+0x3b09e0]  _ZN9JavaCalls11call_helperEP9JavaValueRK12methodHandleP17JavaCallArgumentsP6Thread+0x21a
V  [libjvm.dylib+0x42dcb3]  JVM_DoPrivileged+0x6df
J 359  java.security.AccessController.doPrivileged(Ljava/security/PrivilegedExceptionAction;Ljava/security/AccessControlContext;)Ljava/lang/Object; java.base@11.0.11 (0 bytes) @ 0x0000000114bb5fa5 [0x0000000114bb5ec0+0x00000000000000e5]
j  sun.rmi.transport.Transport.serviceCall(Ljava/rmi/server/RemoteCall;)Z+157 java.rmi@11.0.11
j  sun.rmi.transport.tcp.TCPTransport.handleMessages(Lsun/rmi/transport/Connection;Z)V+145 java.rmi@11.0.11
j  sun.rmi.transport.tcp.TCPTransport$ConnectionHandler.run0()V+490 java.rmi@11.0.11
j  sun.rmi.transport.tcp.TCPTransport$ConnectionHandler.lambda$run$0()Ljava/lang/Void;+1 java.rmi@11.0.11
j  sun.rmi.transport.tcp.TCPTransport$ConnectionHandler$$Lambda$108.run()Ljava/lang/Object;+4 java.rmi@11.0.11
v  ~StubRoutines::call_stub
V  [libjvm.dylib+0x3b09e0]  _ZN9JavaCalls11call_helperEP9JavaValueRK12methodHandleP17JavaCallArgumentsP6Thread+0x21a
V  [libjvm.dylib+0x42dcb3]  JVM_DoPrivileged+0x6df
j  java.security.AccessController.doPrivileged(Ljava/security/PrivilegedAction;Ljava/security/AccessControlContext;)Ljava/lang/Object;+0 java.base@11.0.11
j  sun.rmi.transport.tcp.TCPTransport$ConnectionHandler.run()V+37 java.rmi@11.0.11
j  java.util.concurrent.ThreadPoolExecutor.runWorker(Ljava/util/concurrent/ThreadPoolExecutor$Worker;)V+92 java.base@11.0.11
j  java.util.concurrent.ThreadPoolExecutor$Worker.run()V+5 java.base@11.0.11
j  java.lang.Thread.run()V+11 java.base@11.0.11
v  ~StubRoutines::call_stub
V  [libjvm.dylib+0x3b09e0]  _ZN9JavaCalls11call_helperEP9JavaValueRK12methodHandleP17JavaCallArgumentsP6Thread+0x21a
V  [libjvm.dylib+0x3afe2a]  _ZN9JavaCalls12call_virtualEP9JavaValueP5KlassP6SymbolS5_P17JavaCallArgumentsP6Thread+0xee
V  [libjvm.dylib+0x3afee6]  _ZN9JavaCalls12call_virtualEP9JavaValue6HandleP5KlassP6SymbolS6_P6Thread+0x62
V  [libjvm.dylib+0x436a2e]  _ZL12thread_entryP10JavaThreadP6Thread+0x78
V  [libjvm.dylib+0x7732a6]  _ZN10JavaThread17thread_main_innerEv+0x82
V  [libjvm.dylib+0x7730f0]  _ZN10JavaThread3runEv+0x174
V  [libjvm.dylib+0x770fcc]  _ZN6Thread8call_runEv+0x68
V  [libjvm.dylib+0x62014b]  _ZL19thread_native_entryP6Thread+0x139
C  [libsystem_pthread.dylib+0x6514]  _pthread_start+0x7d
C  [libsystem_pthread.dylib+0x202f]  thread_start+0xf

Java frames: (J=compiled Java code, j=interpreted, Vv=VM code)
j  java.lang.Thread.start0()V+0 java.base@11.0.11
j  java.lang.Thread.start()V+26 java.base@11.0.11
j  com.sun.jmx.remote.internal.ServerCommunicatorAdmin.<init>(J)V+109 java.management@11.0.11
j  javax.management.remote.rmi.RMIConnectionImpl$RMIServerCommunicatorAdmin.<init>(Ljavax/management/remote/rmi/RMIConnectionImpl;J)V+7 java.management.rmi@11.0.11
j  javax.management.remote.rmi.RMIConnectionImpl.<init>(Ljavax/management/remote/rmi/RMIServerImpl;Ljava/lang/String;Ljava/lang/ClassLoader;Ljavax/security/auth/Subject;Ljava/util/Map;)V+244 java.management.rmi@11.0.11
j  javax.management.remote.rmi.RMIJRMPServerImpl.makeClient(Ljava/lang/String;Ljavax/security/auth/Subject;)Ljavax/management/remote/rmi/RMIConnection;+29 java.management.rmi@11.0.11
j  javax.management.remote.rmi.RMIServerImpl.doNewClient(Ljava/lang/Object;)Ljavax/management/remote/rmi/RMIConnection;+228 java.management.rmi@11.0.11
j  javax.management.remote.rmi.RMIServerImpl.newClient(Ljava/lang/Object;)Ljavax/management/remote/rmi/RMIConnection;+2 java.management.rmi@11.0.11
j  jdk.internal.reflect.GeneratedMethodAccessor44.invoke(Ljava/lang/Object;[Ljava/lang/Object;)Ljava/lang/Object;+40 java.base@11.0.11
J 2482 c1 jdk.internal.reflect.DelegatingMethodAccessorImpl.invoke(Ljava/lang/Object;[Ljava/lang/Object;)Ljava/lang/Object; java.base@11.0.11 (10 bytes) @ 0x0000000114f95584 [0x0000000114f95540+0x0000000000000044]
J 2767 c1 java.lang.reflect.Method.invoke(Ljava/lang/Object;[Ljava/lang/Object;)Ljava/lang/Object; java.base@11.0.11 (65 bytes) @ 0x000000011502dfec [0x000000011502dee0+0x000000000000010c]
j  sun.rmi.server.UnicastServerRef.dispatch(Ljava/rmi/Remote;Ljava/rmi/server/RemoteCall;)V+264 java.rmi@11.0.11
j  sun.rmi.transport.Transport$1.run()Ljava/lang/Void;+23 java.rmi@11.0.11
j  sun.rmi.transport.Transport$1.run()Ljava/lang/Object;+1 java.rmi@11.0.11
v  ~StubRoutines::call_stub
J 359  java.security.AccessController.doPrivileged(Ljava/security/PrivilegedExceptionAction;Ljava/security/AccessControlContext;)Ljava/lang/Object; java.base@11.0.11 (0 bytes) @ 0x0000000114bb5f33 [0x0000000114bb5ec0+0x0000000000000073]
j  sun.rmi.transport.Transport.serviceCall(Ljava/rmi/server/RemoteCall;)Z+157 java.rmi@11.0.11
j  sun.rmi.transport.tcp.TCPTransport.handleMessages(Lsun/rmi/transport/Connection;Z)V+145 java.rmi@11.0.11
j  sun.rmi.transport.tcp.TCPTransport$ConnectionHandler.run0()V+490 java.rmi@11.0.11
j  sun.rmi.transport.tcp.TCPTransport$ConnectionHandler.lambda$run$0()Ljava/lang/Void;+1 java.rmi@11.0.11
j  sun.rmi.transport.tcp.TCPTransport$ConnectionHandler$$Lambda$108.run()Ljava/lang/Object;+4 java.rmi@11.0.11
v  ~StubRoutines::call_stub
j  java.security.AccessController.doPrivileged(Ljava/security/PrivilegedAction;Ljava/security/AccessControlContext;)Ljava/lang/Object;+0 java.base@11.0.11
j  sun.rmi.transport.tcp.TCPTransport$ConnectionHandler.run()V+37 java.rmi@11.0.11
j  java.util.concurrent.ThreadPoolExecutor.runWorker(Ljava/util/concurrent/ThreadPoolExecutor$Worker;)V+92 java.base@11.0.11
j  java.util.concurrent.ThreadPoolExecutor$Worker.run()V+5 java.base@11.0.11
j  java.lang.Thread.run()V+11 java.base@11.0.11
v  ~StubRoutines::call_stub

---------------  P R O C E S S  ---------------

Threads class SMR info:
_java_thread_list=0x0000600000ae1fa0, length=21, elements={
0x00007fd811814800, 0x00007fd8108c1000, 0x00007fd810015000, 0x00007fd8108c4000,
0x00007fd7d8811000, 0x00007fd81182f000, 0x00007fd811838000, 0x00007fd8108e5000,
0x00007fd810342800, 0x00007fd811989800, 0x00007fd7d8811800, 0x00007fd7d874c000,
0x00007fd7d875d800, 0x00007fd812224000, 0x00007fd7d9058000, 0x00007fd8105dc800,
0x00007fd8105a2800, 0x00007fd810495800, 0x00007fd811b52800, 0x00007fd8105f6800,
0x00007fd79e843000
}

Java Threads: ( => current thread )
  0x00007fd811814800 JavaThread "main" [_thread_in_Java, id=8195, stack(0x0000000304f6e000,0x000000030506e000)]
  0x00007fd8108c1000 JavaThread "Reference Handler" daemon [_thread_blocked, id=15107, stack(0x0000000305683000,0x0000000305783000)]
  0x00007fd810015000 JavaThread "Finalizer" daemon [_thread_blocked, id=15875, stack(0x0000000305786000,0x0000000305886000)]
  0x00007fd8108c4000 JavaThread "Signal Dispatcher" daemon [_thread_blocked, id=42499, stack(0x0000000305997000,0x0000000305a97000)]
  0x00007fd7d8811000 JavaThread "Service Thread" daemon [_thread_blocked, id=41987, stack(0x0000000305a9a000,0x0000000305b9a000)]
  0x00007fd81182f000 JavaThread "C1 CompilerThread0" daemon [_thread_blocked, id=25091, stack(0x0000000305b9d000,0x0000000305c9d000)]
  0x00007fd811838000 JavaThread "Sweeper thread" daemon [_thread_blocked, id=41475, stack(0x0000000305ca0000,0x0000000305da0000)]
  0x00007fd8108e5000 JavaThread "Common-Cleaner" daemon [_thread_blocked, id=26627, stack(0x0000000305da3000,0x0000000305ea3000)]
  0x00007fd810342800 JavaThread "Monitor Ctrl-Break" daemon [_thread_in_native, id=39939, stack(0x0000000305ea6000,0x0000000305fa6000)]
  0x00007fd811989800 JavaThread "RMI TCP Accept-0" daemon [_thread_in_native, id=38659, stack(0x000000030602c000,0x000000030612c000)]
  0x00007fd7d8811800 JavaThread "Attach Listener" daemon [_thread_blocked, id=37891, stack(0x0000000306232000,0x0000000306332000)]
=>0x00007fd7d874c000 JavaThread "RMI TCP Connection(1)-127.0.0.1" daemon [_thread_in_vm, id=30723, stack(0x000000030663e000,0x000000030673e000)]
  0x00007fd7d875d800 JavaThread "RMI Scheduler(0)" daemon [_thread_blocked, id=35331, stack(0x0000000306741000,0x0000000306841000)]
  0x00007fd812224000 JavaThread "boundedElastic-evictor-1" daemon [_thread_blocked, id=31099, stack(0x0000000306844000,0x0000000306944000)]
  0x00007fd7d9058000 JavaThread "elastic-evictor-1" daemon [_thread_blocked, id=43779, stack(0x0000000306b4d000,0x0000000306c4d000)]
  0x00007fd8105dc800 JavaThread "cluster-ClusterId{value='62ac461545bdf2440fb1aea9', description='null'}-localhost:27017" daemon [_thread_blocked, id=44343, stack(0x0000000306c50000,0x0000000306d50000)]
  0x00007fd8105a2800 JavaThread "cluster-rtt-ClusterId{value='62ac461545bdf2440fb1aea9', description='null'}-localhost:27017" daemon [_thread_blocked, id=85507, stack(0x0000000306d53000,0x0000000306e53000)]
  0x00007fd810495800 JavaThread "nioEventLoopGroup-3-2" [_thread_in_native, id=85331, stack(0x0000000306e56000,0x0000000306f56000)]
  0x00007fd811b52800 JavaThread "nioEventLoopGroup-3-1" [_thread_in_native, id=45571, stack(0x0000000306f59000,0x0000000307059000)]
  0x00007fd8105f6800 JavaThread "lettuce-eventExecutorLoop-4-1" daemon [_thread_blocked, id=83107, stack(0x0000000307262000,0x0000000307362000)]
  0x00007fd79e843000 JavaThread "lettuce-timer-5-1" daemon [_thread_blocked, id=82191, stack(0x0000000307365000,0x0000000307465000)]

Other Threads:
  0x00007fd811830000 VMThread "VM Thread" [stack: 0x0000000305580000,0x0000000305680000] [id=17155]
  0x00007fd810d40000 WatcherThread [stack: 0x000000030612f000,0x000000030622f000] [id=28735]
  0x00007fd811823000 GCTaskThread "GC Thread#0" [stack: 0x0000000305071000,0x0000000305171000] [id=19715]
  0x00007fd7d9044800 GCTaskThread "GC Thread#1" [stack: 0x0000000306335000,0x0000000306435000] [id=29719]
  0x00007fd7d9050000 GCTaskThread "GC Thread#2" [stack: 0x0000000306438000,0x0000000306538000] [id=37123]
  0x00007fd811b5a000 GCTaskThread "GC Thread#3" [stack: 0x0000000306947000,0x0000000306a47000] [id=31403]
  0x00007fd81057d000 GCTaskThread "GC Thread#4" [stack: 0x000000030705c000,0x000000030715c000] [id=84655]
  0x00007fd8104de000 GCTaskThread "GC Thread#5" [stack: 0x000000030715f000,0x000000030725f000] [id=83971]
  0x00007fd7d8028800 ConcurrentGCThread "G1 Main Marker" [stack: 0x0000000305174000,0x0000000305274000] [id=13315]
  0x00007fd810824800 ConcurrentGCThread "G1 Conc#0" [stack: 0x0000000305277000,0x0000000305377000] [id=18947]
  0x00007fd810430800 ConcurrentGCThread "G1 Conc#1" [stack: 0x0000000306a4a000,0x0000000306b4a000] [id=33539]
  0x00007fd810009000 ConcurrentGCThread "G1 Refine#0" [stack: 0x000000030537a000,0x000000030547a000] [id=18691]
  0x00007fd7d85ba000 ConcurrentGCThread "G1 Refine#1" [stack: 0x000000030653b000,0x000000030663b000] [id=36487]
  0x00007fd7d8030000 ConcurrentGCThread "G1 Young RemSet Sampling" [stack: 0x000000030547d000,0x000000030557d000] [id=18179]

Threads with active compile tasks:

VM state:not at safepoint (normal execution)

VM Mutex/Monitor currently owned by a thread:  ([mutex/lock_event])
[0x000060000224d980] Threads_lock - owner thread: 0x00007fd7d874c000

Heap address: 0x0000000780000000, size: 2048 MB, Compressed Oops mode: Zero based, Oop shift amount: 3
Narrow klass base: 0x0000000800000000, Narrow klass shift: 0
Compressed class space size: 1073741824 Address: 0x0000000800000000

Heap:
 garbage-first heap   total 157696K, used 48128K [0x0000000780000000, 0x0000000800000000)
  region size 1024K, 20 young (20480K), 10 survivors (10240K)
 Metaspace       used 54431K, capacity 56337K, committed 56400K, reserved 1097728K
  class space    used 7120K, capacity 7880K, committed 7936K, reserved 1048576K
Heap Regions: E=young(eden), S=young(survivor), O=old, HS=humongous(starts), HC=humongous(continues), CS=collection set, F=free, A=archive, TAMS=top-at-mark-start (previous, next)
|   0|0x0000000780000000, 0x0000000780100000, 0x0000000780100000|100%| O|  |TAMS 0x0000000780100000, 0x0000000780000000| Untracked 
|   1|0x0000000780100000, 0x0000000780200000, 0x0000000780200000|100%| O|  |TAMS 0x0000000780200000, 0x0000000780100000| Untracked 
|   2|0x0000000780200000, 0x0000000780300000, 0x0000000780300000|100%| O|  |TAMS 0x0000000780300000, 0x0000000780200000| Untracked 
|   3|0x0000000780300000, 0x0000000780400000, 0x0000000780400000|100%| O|  |TAMS 0x0000000780400000, 0x0000000780300000| Untracked 
|   4|0x0000000780400000, 0x0000000780500000, 0x0000000780500000|100%| O|  |TAMS 0x0000000780500000, 0x0000000780400000| Untracked 
|   5|0x0000000780500000, 0x0000000780600000, 0x0000000780600000|100%| O|  |TAMS 0x0000000780600000, 0x0000000780500000| Untracked 
|   6|0x0000000780600000, 0x0000000780700000, 0x0000000780700000|100%| O|  |TAMS 0x0000000780700000, 0x0000000780600000| Untracked 
|   7|0x0000000780700000, 0x0000000780800000, 0x0000000780800000|100%| O|  |TAMS 0x0000000780800000, 0x0000000780700000| Untracked 
|   8|0x0000000780800000, 0x0000000780900000, 0x0000000780900000|100%| O|  |TAMS 0x0000000780900000, 0x0000000780800000| Untracked 
|   9|0x0000000780900000, 0x0000000780a00000, 0x0000000780a00000|100%| O|  |TAMS 0x0000000780a00000, 0x0000000780900000| Untracked 
|  10|0x0000000780a00000, 0x0000000780b00000, 0x0000000780b00000|100%| O|  |TAMS 0x0000000780b00000, 0x0000000780a00000| Untracked 
|  11|0x0000000780b00000, 0x0000000780c00000, 0x0000000780c00000|100%| O|  |TAMS 0x0000000780c00000, 0x0000000780b00000| Untracked 
|  12|0x0000000780c00000, 0x0000000780d00000, 0x0000000780d00000|100%| O|  |TAMS 0x0000000780d00000, 0x0000000780c00000| Untracked 
|  13|0x0000000780d00000, 0x0000000780e00000, 0x0000000780e00000|100%| O|  |TAMS 0x0000000780e00000, 0x0000000780d00000| Untracked 
|  14|0x0000000780e00000, 0x0000000780f00000, 0x0000000780f00000|100%| O|  |TAMS 0x0000000780f00000, 0x0000000780e00000| Untracked 
|  15|0x0000000780f00000, 0x0000000781000000, 0x0000000781000000|100%| O|  |TAMS 0x0000000780f2ce00, 0x0000000780f00000| Untracked 
|  16|0x0000000781000000, 0x0000000781100000, 0x0000000781100000|100%| O|  |TAMS 0x0000000781000000, 0x0000000781000000| Untracked 
|  17|0x0000000781100000, 0x0000000781200000, 0x0000000781200000|100%| O|  |TAMS 0x0000000781100000, 0x0000000781100000| Untracked 
|  18|0x0000000781200000, 0x0000000781300000, 0x0000000781300000|100%| O|  |TAMS 0x0000000781200000, 0x0000000781200000| Untracked 
|  19|0x0000000781300000, 0x0000000781400000, 0x0000000781400000|100%| O|  |TAMS 0x0000000781300000, 0x0000000781300000| Untracked 
|  20|0x0000000781400000, 0x0000000781500000, 0x0000000781500000|100%| O|  |TAMS 0x0000000781400000, 0x0000000781400000| Untracked 
|  21|0x0000000781500000, 0x0000000781600000, 0x0000000781600000|100%| O|  |TAMS 0x0000000781500000, 0x0000000781500000| Untracked 
|  22|0x0000000781600000, 0x0000000781700000, 0x0000000781700000|100%| O|  |TAMS 0x0000000781600000, 0x0000000781600000| Untracked 
|  23|0x0000000781700000, 0x0000000781800000, 0x0000000781800000|100%| O|  |TAMS 0x0000000781700000, 0x0000000781700000| Untracked 
|  24|0x0000000781800000, 0x0000000781900000, 0x0000000781900000|100%| O|  |TAMS 0x0000000781800000, 0x0000000781800000| Untracked 
|  25|0x0000000781900000, 0x0000000781a00000, 0x0000000781a00000|100%| O|  |TAMS 0x0000000781900000, 0x0000000781900000| Untracked 
|  26|0x0000000781a00000, 0x0000000781b00000, 0x0000000781b00000|100%| O|  |TAMS 0x0000000781a00000, 0x0000000781a00000| Untracked 
|  27|0x0000000781b00000, 0x0000000781c00000, 0x0000000781c00000|100%| O|  |TAMS 0x0000000781b00000, 0x0000000781b00000| Untracked 
|  28|0x0000000781c00000, 0x0000000781c00000, 0x0000000781d00000|  0%| F|  |TAMS 0x0000000781c00000, 0x0000000781c00000| Untracked 
|  29|0x0000000781d00000, 0x0000000781d00000, 0x0000000781e00000|  0%| F|  |TAMS 0x0000000781d00000, 0x0000000781d00000| Untracked 
|  30|0x0000000781e00000, 0x0000000781e00000, 0x0000000781f00000|  0%| F|  |TAMS 0x0000000781e00000, 0x0000000781e00000| Untracked 
|  31|0x0000000781f00000, 0x0000000781f00000, 0x0000000782000000|  0%| F|  |TAMS 0x0000000781f00000, 0x0000000781f00000| Untracked 
|  32|0x0000000782000000, 0x0000000782000000, 0x0000000782100000|  0%| F|  |TAMS 0x0000000782000000, 0x0000000782000000| Untracked 
|  33|0x0000000782100000, 0x0000000782100000, 0x0000000782200000|  0%| F|  |TAMS 0x0000000782100000, 0x0000000782100000| Untracked 
|  34|0x0000000782200000, 0x0000000782200000, 0x0000000782300000|  0%| F|  |TAMS 0x0000000782200000, 0x0000000782200000| Untracked 
|  35|0x0000000782300000, 0x0000000782300000, 0x0000000782400000|  0%| F|  |TAMS 0x0000000782300000, 0x0000000782300000| Untracked 
|  36|0x0000000782400000, 0x0000000782400000, 0x0000000782500000|  0%| F|  |TAMS 0x0000000782400000, 0x0000000782400000| Untracked 
|  37|0x0000000782500000, 0x0000000782500000, 0x0000000782600000|  0%| F|  |TAMS 0x0000000782500000, 0x0000000782500000| Untracked 
|  38|0x0000000782600000, 0x0000000782600000, 0x0000000782700000|  0%| F|  |TAMS 0x0000000782600000, 0x0000000782600000| Untracked 
|  39|0x0000000782700000, 0x0000000782700000, 0x0000000782800000|  0%| F|  |TAMS 0x0000000782700000, 0x0000000782700000| Untracked 
|  40|0x0000000782800000, 0x0000000782800000, 0x0000000782900000|  0%| F|  |TAMS 0x0000000782800000, 0x0000000782800000| Untracked 
|  41|0x0000000782900000, 0x0000000782900000, 0x0000000782a00000|  0%| F|  |TAMS 0x0000000782900000, 0x0000000782900000| Untracked 
|  42|0x0000000782a00000, 0x0000000782a00000, 0x0000000782b00000|  0%| F|  |TAMS 0x0000000782a00000, 0x0000000782a00000| Untracked 
|  43|0x0000000782b00000, 0x0000000782b00000, 0x0000000782c00000|  0%| F|  |TAMS 0x0000000782b00000, 0x0000000782b00000| Untracked 
|  44|0x0000000782c00000, 0x0000000782c00000, 0x0000000782d00000|  0%| F|  |TAMS 0x0000000782c00000, 0x0000000782c00000| Untracked 
|  45|0x0000000782d00000, 0x0000000782d00000, 0x0000000782e00000|  0%| F|  |TAMS 0x0000000782d00000, 0x0000000782d00000| Untracked 
|  46|0x0000000782e00000, 0x0000000782e00000, 0x0000000782f00000|  0%| F|  |TAMS 0x0000000782e00000, 0x0000000782e00000| Untracked 
|  47|0x0000000782f00000, 0x0000000782f00000, 0x0000000783000000|  0%| F|  |TAMS 0x0000000782f00000, 0x0000000782f00000| Untracked 
|  48|0x0000000783000000, 0x0000000783000000, 0x0000000783100000|  0%| F|  |TAMS 0x0000000783000000, 0x0000000783000000| Untracked 
|  49|0x0000000783100000, 0x0000000783100000, 0x0000000783200000|  0%| F|  |TAMS 0x0000000783100000, 0x0000000783100000| Untracked 
|  50|0x0000000783200000, 0x0000000783200000, 0x0000000783300000|  0%| F|  |TAMS 0x0000000783200000, 0x0000000783200000| Untracked 
|  51|0x0000000783300000, 0x0000000783300000, 0x0000000783400000|  0%| F|  |TAMS 0x0000000783300000, 0x0000000783300000| Untracked 
|  52|0x0000000783400000, 0x0000000783400000, 0x0000000783500000|  0%| F|  |TAMS 0x0000000783400000, 0x0000000783400000| Untracked 
|  53|0x0000000783500000, 0x0000000783500000, 0x0000000783600000|  0%| F|  |TAMS 0x0000000783500000, 0x0000000783500000| Untracked 
|  54|0x0000000783600000, 0x0000000783700000, 0x0000000783700000|100%| S|CS|TAMS 0x0000000783600000, 0x0000000783600000| Complete 
|  55|0x0000000783700000, 0x0000000783700000, 0x0000000783800000|  0%| F|  |TAMS 0x0000000783700000, 0x0000000783700000| Untracked 
|  56|0x0000000783800000, 0x0000000783800000, 0x0000000783900000|  0%| F|  |TAMS 0x0000000783800000, 0x0000000783800000| Untracked 
|  57|0x0000000783900000, 0x0000000783900000, 0x0000000783a00000|  0%| F|  |TAMS 0x0000000783900000, 0x0000000783900000| Untracked 
|  58|0x0000000783a00000, 0x0000000783b00000, 0x0000000783b00000|100%| S|CS|TAMS 0x0000000783a00000, 0x0000000783a00000| Complete 
|  59|0x0000000783b00000, 0x0000000783c00000, 0x0000000783c00000|100%| S|CS|TAMS 0x0000000783b00000, 0x0000000783b00000| Complete 
|  60|0x0000000783c00000, 0x0000000783d00000, 0x0000000783d00000|100%| S|CS|TAMS 0x0000000783c00000, 0x0000000783c00000| Complete 
|  61|0x0000000783d00000, 0x0000000783e00000, 0x0000000783e00000|100%| S|CS|TAMS 0x0000000783d00000, 0x0000000783d00000| Complete 
|  62|0x0000000783e00000, 0x0000000783f00000, 0x0000000783f00000|100%| S|CS|TAMS 0x0000000783e00000, 0x0000000783e00000| Complete 
|  63|0x0000000783f00000, 0x0000000784000000, 0x0000000784000000|100%| S|CS|TAMS 0x0000000783f00000, 0x0000000783f00000| Complete 
|  64|0x0000000784000000, 0x0000000784100000, 0x0000000784100000|100%| S|CS|TAMS 0x0000000784000000, 0x0000000784000000| Complete 
|  65|0x0000000784100000, 0x0000000784200000, 0x0000000784200000|100%| S|CS|TAMS 0x0000000784100000, 0x0000000784100000| Complete 
|  66|0x0000000784200000, 0x0000000784300000, 0x0000000784300000|100%| S|CS|TAMS 0x0000000784200000, 0x0000000784200000| Complete 
|  67|0x0000000784300000, 0x0000000784300000, 0x0000000784400000|  0%| F|  |TAMS 0x0000000784300000, 0x0000000784300000| Untracked 
|  68|0x0000000784400000, 0x0000000784400000, 0x0000000784500000|  0%| F|  |TAMS 0x0000000784400000, 0x0000000784400000| Untracked 
|  69|0x0000000784500000, 0x0000000784500000, 0x0000000784600000|  0%| F|  |TAMS 0x0000000784500000, 0x0000000784500000| Untracked 
|  70|0x0000000784600000, 0x0000000784600000, 0x0000000784700000|  0%| F|  |TAMS 0x0000000784600000, 0x0000000784600000| Untracked 
|  71|0x0000000784700000, 0x0000000784700000, 0x0000000784800000|  0%| F|  |TAMS 0x0000000784700000, 0x0000000784700000| Untracked 
|  72|0x0000000784800000, 0x0000000784800000, 0x0000000784900000|  0%| F|  |TAMS 0x0000000784800000, 0x0000000784800000| Untracked 
|  73|0x0000000784900000, 0x0000000784900000, 0x0000000784a00000|  0%| F|  |TAMS 0x0000000784900000, 0x0000000784900000| Untracked 
|  74|0x0000000784a00000, 0x0000000784a00000, 0x0000000784b00000|  0%| F|  |TAMS 0x0000000784a00000, 0x0000000784a00000| Untracked 
|  75|0x0000000784b00000, 0x0000000784b00000, 0x0000000784c00000|  0%| F|  |TAMS 0x0000000784b00000, 0x0000000784b00000| Untracked 
|  76|0x0000000784c00000, 0x0000000784c00000, 0x0000000784d00000|  0%| F|  |TAMS 0x0000000784c00000, 0x0000000784c00000| Untracked 
|  77|0x0000000784d00000, 0x0000000784d00000, 0x0000000784e00000|  0%| F|  |TAMS 0x0000000784d00000, 0x0000000784d00000| Untracked 
|  78|0x0000000784e00000, 0x0000000784e00000, 0x0000000784f00000|  0%| F|  |TAMS 0x0000000784e00000, 0x0000000784e00000| Untracked 
|  79|0x0000000784f00000, 0x0000000784f00000, 0x0000000785000000|  0%| F|  |TAMS 0x0000000784f00000, 0x0000000784f00000| Untracked 
|  80|0x0000000785000000, 0x0000000785000000, 0x0000000785100000|  0%| F|  |TAMS 0x0000000785000000, 0x0000000785000000| Untracked 
|  81|0x0000000785100000, 0x0000000785100000, 0x0000000785200000|  0%| F|  |TAMS 0x0000000785100000, 0x0000000785100000| Untracked 
|  82|0x0000000785200000, 0x0000000785200000, 0x0000000785300000|  0%| F|  |TAMS 0x0000000785200000, 0x0000000785200000| Untracked 
|  83|0x0000000785300000, 0x0000000785300000, 0x0000000785400000|  0%| F|  |TAMS 0x0000000785300000, 0x0000000785300000| Untracked 
|  84|0x0000000785400000, 0x0000000785400000, 0x0000000785500000|  0%| F|  |TAMS 0x0000000785400000, 0x0000000785400000| Untracked 
|  85|0x0000000785500000, 0x0000000785500000, 0x0000000785600000|  0%| F|  |TAMS 0x0000000785500000, 0x0000000785500000| Untracked 
|  86|0x0000000785600000, 0x0000000785600000, 0x0000000785700000|  0%| F|  |TAMS 0x0000000785600000, 0x0000000785600000| Untracked 
|  87|0x0000000785700000, 0x0000000785700000, 0x0000000785800000|  0%| F|  |TAMS 0x0000000785700000, 0x0000000785700000| Untracked 
|  88|0x0000000785800000, 0x0000000785800000, 0x0000000785900000|  0%| F|  |TAMS 0x0000000785800000, 0x0000000785800000| Untracked 
|  89|0x0000000785900000, 0x0000000785900000, 0x0000000785a00000|  0%| F|  |TAMS 0x0000000785900000, 0x0000000785900000| Untracked 
|  90|0x0000000785a00000, 0x0000000785a00000, 0x0000000785b00000|  0%| F|  |TAMS 0x0000000785a00000, 0x0000000785a00000| Untracked 
|  91|0x0000000785b00000, 0x0000000785b00000, 0x0000000785c00000|  0%| F|  |TAMS 0x0000000785b00000, 0x0000000785b00000| Untracked 
|  92|0x0000000785c00000, 0x0000000785c00000, 0x0000000785d00000|  0%| F|  |TAMS 0x0000000785c00000, 0x0000000785c00000| Untracked 
|  93|0x0000000785d00000, 0x0000000785d00000, 0x0000000785e00000|  0%| F|  |TAMS 0x0000000785d00000, 0x0000000785d00000| Untracked 
|  94|0x0000000785e00000, 0x0000000785e00000, 0x0000000785f00000|  0%| F|  |TAMS 0x0000000785e00000, 0x0000000785e00000| Untracked 
|  95|0x0000000785f00000, 0x0000000785f00000, 0x0000000786000000|  0%| F|  |TAMS 0x0000000785f00000, 0x0000000785f00000| Untracked 
|  96|0x0000000786000000, 0x0000000786000000, 0x0000000786100000|  0%| F|  |TAMS 0x0000000786000000, 0x0000000786000000| Untracked 
|  97|0x0000000786100000, 0x0000000786100000, 0x0000000786200000|  0%| F|  |TAMS 0x0000000786100000, 0x0000000786100000| Untracked 
|  98|0x0000000786200000, 0x0000000786200000, 0x0000000786300000|  0%| F|  |TAMS 0x0000000786200000, 0x0000000786200000| Untracked 
|  99|0x0000000786300000, 0x0000000786300000, 0x0000000786400000|  0%| F|  |TAMS 0x0000000786300000, 0x0000000786300000| Untracked 
| 100|0x0000000786400000, 0x0000000786400000, 0x0000000786500000|  0%| F|  |TAMS 0x0000000786400000, 0x0000000786400000| Untracked 
| 101|0x0000000786500000, 0x0000000786500000, 0x0000000786600000|  0%| F|  |TAMS 0x0000000786500000, 0x0000000786500000| Untracked 
| 102|0x0000000786600000, 0x0000000786600000, 0x0000000786700000|  0%| F|  |TAMS 0x0000000786600000, 0x0000000786600000| Untracked 
| 103|0x0000000786700000, 0x0000000786700000, 0x0000000786800000|  0%| F|  |TAMS 0x0000000786700000, 0x0000000786700000| Untracked 
| 104|0x0000000786800000, 0x0000000786800000, 0x0000000786900000|  0%| F|  |TAMS 0x0000000786800000, 0x0000000786800000| Untracked 
| 105|0x0000000786900000, 0x0000000786900000, 0x0000000786a00000|  0%| F|  |TAMS 0x0000000786900000, 0x0000000786900000| Untracked 
| 106|0x0000000786a00000, 0x0000000786a00000, 0x0000000786b00000|  0%| F|  |TAMS 0x0000000786a00000, 0x0000000786a00000| Untracked 
| 107|0x0000000786b00000, 0x0000000786b00000, 0x0000000786c00000|  0%| F|  |TAMS 0x0000000786b00000, 0x0000000786b00000| Untracked 
| 108|0x0000000786c00000, 0x0000000786c00000, 0x0000000786d00000|  0%| F|  |TAMS 0x0000000786c00000, 0x0000000786c00000| Untracked 
| 109|0x0000000786d00000, 0x0000000786d00000, 0x0000000786e00000|  0%| F|  |TAMS 0x0000000786d00000, 0x0000000786d00000| Untracked 
| 110|0x0000000786e00000, 0x0000000786e00000, 0x0000000786f00000|  0%| F|  |TAMS 0x0000000786e00000, 0x0000000786e00000| Untracked 
| 111|0x0000000786f00000, 0x0000000786f00000, 0x0000000787000000|  0%| F|  |TAMS 0x0000000786f00000, 0x0000000786f00000| Untracked 
| 112|0x0000000787000000, 0x0000000787000000, 0x0000000787100000|  0%| F|  |TAMS 0x0000000787000000, 0x0000000787000000| Untracked 
| 113|0x0000000787100000, 0x0000000787100000, 0x0000000787200000|  0%| F|  |TAMS 0x0000000787100000, 0x0000000787100000| Untracked 
| 114|0x0000000787200000, 0x0000000787200000, 0x0000000787300000|  0%| F|  |TAMS 0x0000000787200000, 0x0000000787200000| Untracked 
| 115|0x0000000787300000, 0x0000000787300000, 0x0000000787400000|  0%| F|  |TAMS 0x0000000787300000, 0x0000000787300000| Untracked 
| 116|0x0000000787400000, 0x0000000787400000, 0x0000000787500000|  0%| F|  |TAMS 0x0000000787400000, 0x0000000787400000| Untracked 
| 117|0x0000000787500000, 0x0000000787500000, 0x0000000787600000|  0%| F|  |TAMS 0x0000000787500000, 0x0000000787500000| Untracked 
| 118|0x0000000787600000, 0x0000000787600000, 0x0000000787700000|  0%| F|  |TAMS 0x0000000787600000, 0x0000000787600000| Untracked 
| 119|0x0000000787700000, 0x0000000787700000, 0x0000000787800000|  0%| F|  |TAMS 0x0000000787700000, 0x0000000787700000| Untracked 
| 120|0x0000000787800000, 0x0000000787800000, 0x0000000787900000|  0%| F|  |TAMS 0x0000000787800000, 0x0000000787800000| Untracked 
| 121|0x0000000787900000, 0x0000000787900000, 0x0000000787a00000|  0%| F|  |TAMS 0x0000000787900000, 0x0000000787900000| Untracked 
| 122|0x0000000787a00000, 0x0000000787a00000, 0x0000000787b00000|  0%| F|  |TAMS 0x0000000787a00000, 0x0000000787a00000| Untracked 
| 123|0x0000000787b00000, 0x0000000787b00000, 0x0000000787c00000|  0%| F|  |TAMS 0x0000000787b00000, 0x0000000787b00000| Untracked 
| 124|0x0000000787c00000, 0x0000000787c00000, 0x0000000787d00000|  0%| F|  |TAMS 0x0000000787c00000, 0x0000000787c00000| Untracked 
| 125|0x0000000787d00000, 0x0000000787d00000, 0x0000000787e00000|  0%| F|  |TAMS 0x0000000787d00000, 0x0000000787d00000| Untracked 
| 126|0x0000000787e00000, 0x0000000787e00000, 0x0000000787f00000|  0%| F|  |TAMS 0x0000000787e00000, 0x0000000787e00000| Untracked 
| 127|0x0000000787f00000, 0x0000000787f00000, 0x0000000788000000|  0%| F|  |TAMS 0x0000000787f00000, 0x0000000787f00000| Untracked 
| 128|0x0000000788000000, 0x0000000788000000, 0x0000000788100000|  0%| F|  |TAMS 0x0000000788000000, 0x0000000788000000| Untracked 
| 129|0x0000000788100000, 0x0000000788100000, 0x0000000788200000|  0%| F|  |TAMS 0x0000000788100000, 0x0000000788100000| Untracked 
| 130|0x0000000788200000, 0x0000000788200000, 0x0000000788300000|  0%| F|  |TAMS 0x0000000788200000, 0x0000000788200000| Untracked 
| 131|0x0000000788300000, 0x0000000788300000, 0x0000000788400000|  0%| F|  |TAMS 0x0000000788300000, 0x0000000788300000| Untracked 
| 132|0x0000000788400000, 0x0000000788400000, 0x0000000788500000|  0%| F|  |TAMS 0x0000000788400000, 0x0000000788400000| Untracked 
| 133|0x0000000788500000, 0x0000000788500000, 0x0000000788600000|  0%| F|  |TAMS 0x0000000788500000, 0x0000000788500000| Untracked 
| 134|0x0000000788600000, 0x0000000788600000, 0x0000000788700000|  0%| F|  |TAMS 0x0000000788600000, 0x0000000788600000| Untracked 
| 135|0x0000000788700000, 0x0000000788700000, 0x0000000788800000|  0%| F|  |TAMS 0x0000000788700000, 0x0000000788700000| Untracked 
| 136|0x0000000788800000, 0x0000000788800000, 0x0000000788900000|  0%| F|  |TAMS 0x0000000788800000, 0x0000000788800000| Untracked 
| 137|0x0000000788900000, 0x0000000788900000, 0x0000000788a00000|  0%| F|  |TAMS 0x0000000788900000, 0x0000000788900000| Untracked 
| 138|0x0000000788a00000, 0x0000000788a00000, 0x0000000788b00000|  0%| F|  |TAMS 0x0000000788a00000, 0x0000000788a00000| Untracked 
| 139|0x0000000788b00000, 0x0000000788b00000, 0x0000000788c00000|  0%| F|  |TAMS 0x0000000788b00000, 0x0000000788b00000| Untracked 
| 140|0x0000000788c00000, 0x0000000788c00000, 0x0000000788d00000|  0%| F|  |TAMS 0x0000000788c00000, 0x0000000788c00000| Untracked 
| 141|0x0000000788d00000, 0x0000000788d00000, 0x0000000788e00000|  0%| F|  |TAMS 0x0000000788d00000, 0x0000000788d00000| Untracked 
| 142|0x0000000788e00000, 0x0000000788e00000, 0x0000000788f00000|  0%| F|  |TAMS 0x0000000788e00000, 0x0000000788e00000| Untracked 
| 143|0x0000000788f00000, 0x0000000788f00000, 0x0000000789000000|  0%| F|  |TAMS 0x0000000788f00000, 0x0000000788f00000| Untracked 
| 144|0x0000000789000000, 0x0000000789083f40, 0x0000000789100000| 51%| E|  |TAMS 0x0000000789000000, 0x0000000789000000| Complete 
| 145|0x0000000789100000, 0x0000000789200000, 0x0000000789200000|100%| E|CS|TAMS 0x0000000789100000, 0x0000000789100000| Complete 
| 146|0x0000000789200000, 0x0000000789300000, 0x0000000789300000|100%| E|CS|TAMS 0x0000000789200000, 0x0000000789200000| Complete 
| 147|0x0000000789300000, 0x0000000789400000, 0x0000000789400000|100%| E|CS|TAMS 0x0000000789300000, 0x0000000789300000| Complete 
| 148|0x0000000789400000, 0x0000000789500000, 0x0000000789500000|100%| E|CS|TAMS 0x0000000789400000, 0x0000000789400000| Complete 
| 149|0x0000000789500000, 0x0000000789600000, 0x0000000789600000|100%| E|CS|TAMS 0x0000000789500000, 0x0000000789500000| Complete 
| 150|0x0000000789600000, 0x0000000789700000, 0x0000000789700000|100%| E|CS|TAMS 0x0000000789600000, 0x0000000789600000| Complete 
| 151|0x0000000789700000, 0x0000000789800000, 0x0000000789800000|100%| E|CS|TAMS 0x0000000789700000, 0x0000000789700000| Complete 
| 152|0x0000000789800000, 0x0000000789900000, 0x0000000789900000|100%| E|CS|TAMS 0x0000000789800000, 0x0000000789800000| Complete 
| 153|0x0000000789900000, 0x0000000789a00000, 0x0000000789a00000|100%| E|CS|TAMS 0x0000000789900000, 0x0000000789900000| Complete 

Card table byte_map: [0x0000000123802000,0x0000000123c02000] _byte_map_base: 0x000000011fc02000

Marking Bits (Prev, Next): (CMBitMap*) 0x00007fd7d801fe18, (CMBitMap*) 0x00007fd7d801fe50
 Prev Bits: [0x0000000124002000, 0x0000000126002000)
 Next Bits: [0x0000000126002000, 0x0000000128002000)

Polling page: 0x000000010068d000

Metaspace:

Usage:
  Non-class:     47.32 MB capacity,    46.20 MB ( 98%) used,   929.82 KB (  2%) free+waste,   215.88 KB ( <1%) overhead. 
      Class:      7.70 MB capacity,     6.95 MB ( 90%) used,   651.26 KB (  8%) free+waste,   108.44 KB (  1%) overhead. 
       Both:     55.02 MB capacity,    53.16 MB ( 97%) used,     1.54 MB (  3%) free+waste,   324.31 KB ( <1%) overhead. 

Virtual space:
  Non-class space:       48.00 MB reserved,      47.33 MB ( 99%) committed 
      Class space:        1.00 GB reserved,       7.75 MB ( <1%) committed 
             Both:        1.05 GB reserved,      55.08 MB (  5%) committed 

Chunk freelists:
   Non-Class:  3.00 KB
       Class:  0 bytes
        Both:  3.00 KB

MaxMetaspaceSize: unlimited
CompressedClassSpaceSize: 1.00 GB

CodeHeap 'non-profiled nmethods': size=238384Kb used=11818Kb max_used=11818Kb free=226566Kb
 bounds [0x0000000114b36000, 0x00000001156c6000, 0x0000000123402000]
CodeHeap 'non-nmethods': size=7376Kb used=1187Kb max_used=1187Kb free=6188Kb
 bounds [0x0000000114402000, 0x0000000114672000, 0x0000000114b36000]
 total_blobs=6473 nmethods=5912 adapters=488
 compilation: enabled
              stopped_count=0, restarted_count=0
 full_count=0

Compilation events (20 events):
Event: 15.482 Thread 0x00007fd81182f000 5894       1       java.util.concurrent.atomic.AtomicBoolean::<init> (18 bytes)
Event: 15.482 Thread 0x00007fd81182f000 nmethod 5894 0x00000001156b2710 code [0x00000001156b28c0, 0x00000001156b2990]
Event: 15.495 Thread 0x00007fd81182f000 5895       1       ch.qos.logback.classic.Logger::filterAndLog_2 (75 bytes)
Event: 15.497 Thread 0x00007fd81182f000 nmethod 5895 0x00000001156b2a10 code [0x00000001156b2c20, 0x00000001156b3290]
Event: 15.497 Thread 0x00007fd81182f000 5896       1       ch.qos.logback.classic.LoggerContext::getTurboFilterChainDecision_2 (43 bytes)
Event: 15.497 Thread 0x00007fd81182f000 nmethod 5896 0x00000001156b3710 code [0x00000001156b38e0, 0x00000001156b3ca0]
Event: 15.500 Thread 0x00007fd81182f000 5899   !   1       jdk.internal.loader.URLClassPath$JarLoader$1::run (175 bytes)
Event: 15.501 Thread 0x00007fd81182f000 nmethod 5899 0x00000001156b3f90 code [0x00000001156b41e0, 0x00000001156b49a0]
Event: 15.501 Thread 0x00007fd81182f000 5897       1       jdk.internal.loader.URLClassPath$JarLoader::<init> (67 bytes)
Event: 15.501 Thread 0x00007fd81182f000 nmethod 5897 0x00000001156b5410 code [0x00000001156b5640, 0x00000001156b5cd0]
Event: 15.501 Thread 0x00007fd81182f000 5898       1       jdk.internal.loader.URLClassPath$JarLoader$1::run (5 bytes)
Event: 15.501 Thread 0x00007fd81182f000 nmethod 5898 0x00000001156b6310 code [0x00000001156b64c0, 0x00000001156b6580]
Event: 15.501 Thread 0x00007fd81182f000 5900       1       jdk.internal.loader.URLClassPath$JarLoader::getJarFile (102 bytes)
Event: 15.502 Thread 0x00007fd81182f000 nmethod 5900 0x00000001156b6610 code [0x00000001156b68a0, 0x00000001156b6f80]
Event: 15.502 Thread 0x00007fd81182f000 5901       1       jdk.internal.loader.URLClassPath$JarLoader::isOptimizable (10 bytes)
Event: 15.502 Thread 0x00007fd81182f000 nmethod 5901 0x00000001156b7610 code [0x00000001156b77c0, 0x00000001156b78a0]
Event: 15.502 Thread 0x00007fd81182f000 5902       1       jdk.internal.loader.FileURLMapper::<init> (10 bytes)
Event: 15.504 Thread 0x00007fd81182f000 nmethod 5902 0x00000001156b7990 code [0x00000001156b7b40, 0x00000001156b7c50]
Event: 15.504 Thread 0x00007fd81182f000 5903       1       jdk.internal.loader.FileURLMapper::exists (25 bytes)
Event: 15.504 Thread 0x00007fd81182f000 nmethod 5903 0x00000001156b7d10 code [0x00000001156b7ee0, 0x00000001156b8080]

GC Heap History (20 events):
Event: 6.761 GC heap before
{Heap before GC invocations=1 (full 0):
 garbage-first heap   total 131072K, used 20722K [0x0000000780000000, 0x0000000800000000)
  region size 1024K, 14 young (14336K), 3 survivors (3072K)
 Metaspace       used 16729K, capacity 17245K, committed 17408K, reserved 1064960K
  class space    used 1841K, capacity 2039K, committed 2048K, reserved 1048576K
}
Event: 6.786 GC heap after
{Heap after GC invocations=2 (full 0):
 garbage-first heap   total 131072K, used 10792K [0x0000000780000000, 0x0000000800000000)
  region size 1024K, 1 young (1024K), 1 survivors (1024K)
 Metaspace       used 16729K, capacity 17245K, committed 17408K, reserved 1064960K
  class space    used 1841K, capacity 2039K, committed 2048K, reserved 1048576K
}
Event: 7.482 GC heap before
{Heap before GC invocations=2 (full 0):
 garbage-first heap   total 131072K, used 31272K [0x0000000780000000, 0x0000000800000000)
  region size 1024K, 22 young (22528K), 1 survivors (1024K)
 Metaspace       used 20576K, capacity 21162K, committed 21296K, reserved 1069056K
  class space    used 2407K, capacity 2653K, committed 2688K, reserved 1048576K
}
Event: 7.489 GC heap after
{Heap after GC invocations=3 (full 0):
 garbage-first heap   total 131072K, used 11953K [0x0000000780000000, 0x0000000800000000)
  region size 1024K, 3 young (3072K), 3 survivors (3072K)
 Metaspace       used 20576K, capacity 21162K, committed 21296K, reserved 1069056K
  class space    used 2407K, capacity 2653K, committed 2688K, reserved 1048576K
}
Event: 8.110 GC heap before
{Heap before GC invocations=4 (full 0):
 garbage-first heap   total 131072K, used 57009K [0x0000000780000000, 0x0000000800000000)
  region size 1024K, 47 young (48128K), 3 survivors (3072K)
 Metaspace       used 25107K, capacity 25827K, committed 26160K, reserved 1073152K
  class space    used 3075K, capacity 3378K, committed 3456K, reserved 1048576K
}
Event: 8.120 GC heap after
{Heap after GC invocations=5 (full 0):
 garbage-first heap   total 131072K, used 13494K [0x0000000780000000, 0x0000000800000000)
  region size 1024K, 4 young (4096K), 4 survivors (4096K)
 Metaspace       used 25107K, capacity 25827K, committed 26160K, reserved 1073152K
  class space    used 3075K, capacity 3378K, committed 3456K, reserved 1048576K
}
Event: 8.955 GC heap before
{Heap before GC invocations=5 (full 0):
 garbage-first heap   total 131072K, used 86198K [0x0000000780000000, 0x0000000800000000)
  region size 1024K, 76 young (77824K), 4 survivors (4096K)
 Metaspace       used 28172K, capacity 29058K, committed 29360K, reserved 1075200K
  class space    used 3425K, capacity 3754K, committed 3840K, reserved 1048576K
}
Event: 8.975 GC heap after
{Heap after GC invocations=6 (full 0):
 garbage-first heap   total 131072K, used 16413K [0x0000000780000000, 0x0000000800000000)
  region size 1024K, 7 young (7168K), 7 survivors (7168K)
 Metaspace       used 28172K, capacity 29058K, committed 29360K, reserved 1075200K
  class space    used 3425K, capacity 3754K, committed 3840K, reserved 1048576K
}
Event: 9.933 GC heap before
{Heap before GC invocations=6 (full 0):
 garbage-first heap   total 131072K, used 87069K [0x0000000780000000, 0x0000000800000000)
  region size 1024K, 76 young (77824K), 7 survivors (7168K)
 Metaspace       used 31072K, capacity 32152K, committed 32432K, reserved 1077248K
  class space    used 3872K, capacity 4269K, committed 4352K, reserved 1048576K
}
Event: 9.969 GC heap after
{Heap after GC invocations=7 (full 0):
 garbage-first heap   total 131072K, used 19207K [0x0000000780000000, 0x0000000800000000)
  region size 1024K, 8 young (8192K), 8 survivors (8192K)
 Metaspace       used 31072K, capacity 32152K, committed 32432K, reserved 1077248K
  class space    used 3872K, capacity 4269K, committed 4352K, reserved 1048576K
}
Event: 10.392 GC heap before
{Heap before GC invocations=7 (full 0):
 garbage-first heap   total 131072K, used 49927K [0x0000000780000000, 0x0000000800000000)
  region size 1024K, 39 young (39936K), 8 survivors (8192K)
 Metaspace       used 34667K, capacity 35727K, committed 35920K, reserved 1081344K
  class space    used 4346K, capacity 4754K, committed 4864K, reserved 1048576K
}
Event: 10.410 GC heap after
{Heap after GC invocations=8 (full 0):
 garbage-first heap   total 131072K, used 20062K [0x0000000780000000, 0x0000000800000000)
  region size 1024K, 5 young (5120K), 5 survivors (5120K)
 Metaspace       used 34667K, capacity 35727K, committed 35920K, reserved 1081344K
  class space    used 4346K, capacity 4754K, committed 4864K, reserved 1048576K
}
Event: 11.469 GC heap before
{Heap before GC invocations=9 (full 0):
 garbage-first heap   total 131072K, used 92766K [0x0000000780000000, 0x0000000800000000)
  region size 1024K, 76 young (77824K), 5 survivors (5120K)
 Metaspace       used 37811K, capacity 39030K, committed 39248K, reserved 1083392K
  class space    used 4833K, capacity 5283K, committed 5376K, reserved 1048576K
}
Event: 11.491 GC heap after
{Heap after GC invocations=10 (full 0):
 garbage-first heap   total 157696K, used 22707K [0x0000000780000000, 0x0000000800000000)
  region size 1024K, 7 young (7168K), 7 survivors (7168K)
 Metaspace       used 37811K, capacity 39030K, committed 39248K, reserved 1083392K
  class space    used 4833K, capacity 5283K, committed 5376K, reserved 1048576K
}
Event: 12.912 GC heap before
{Heap before GC invocations=10 (full 0):
 garbage-first heap   total 157696K, used 109747K [0x0000000780000000, 0x0000000800000000)
  region size 1024K, 92 young (94208K), 7 survivors (7168K)
 Metaspace       used 43077K, capacity 44491K, committed 44752K, reserved 1087488K
  class space    used 5636K, capacity 6188K, committed 6272K, reserved 1048576K
}
Event: 12.935 GC heap after
{Heap after GC invocations=11 (full 0):
 garbage-first heap   total 157696K, used 29426K [0x0000000780000000, 0x0000000800000000)
  region size 1024K, 11 young (11264K), 11 survivors (11264K)
 Metaspace       used 43077K, capacity 44491K, committed 44752K, reserved 1087488K
  class space    used 5636K, capacity 6188K, committed 6272K, reserved 1048576K
}
Event: 13.811 GC heap before
{Heap before GC invocations=11 (full 0):
 garbage-first heap   total 157696K, used 112370K [0x0000000780000000, 0x0000000800000000)
  region size 1024K, 92 young (94208K), 11 survivors (11264K)
 Metaspace       used 48802K, capacity 50480K, committed 50768K, reserved 1093632K
  class space    used 6422K, capacity 7087K, committed 7168K, reserved 1048576K
}
Event: 13.834 GC heap after
{Heap after GC invocations=12 (full 0):
 garbage-first heap   total 157696K, used 35432K [0x0000000780000000, 0x0000000800000000)
  region size 1024K, 7 young (7168K), 7 survivors (7168K)
 Metaspace       used 48802K, capacity 50480K, committed 50768K, reserved 1093632K
  class space    used 6422K, capacity 7087K, committed 7168K, reserved 1048576K
}
Event: 15.205 GC heap before
{Heap before GC invocations=12 (full 0):
 garbage-first heap   total 157696K, used 120424K [0x0000000780000000, 0x0000000800000000)
  region size 1024K, 90 young (92160K), 7 survivors (7168K)
 Metaspace       used 53706K, capacity 55497K, committed 55760K, reserved 1097728K
  class space    used 7029K, capacity 7740K, committed 7808K, reserved 1048576K
}
Event: 15.226 GC heap after
{Heap after GC invocations=13 (full 0):
 garbage-first heap   total 157696K, used 38912K [0x0000000780000000, 0x0000000800000000)
  region size 1024K, 10 young (10240K), 10 survivors (10240K)
 Metaspace       used 53706K, capacity 55497K, committed 55760K, reserved 1097728K
  class space    used 7029K, capacity 7740K, committed 7808K, reserved 1048576K
}

Deoptimization events (2 events):
Event: 9.612 Thread 0x00007fd811814800 DEOPT PACKING pc=0x0000000114ef5094 sp=0x000000030506c450
Event: 9.612 Thread 0x00007fd811814800 DEOPT UNPACKING pc=0x00000001144279ab sp=0x000000030506b9d8 mode 0

Classes redefined (0 events):
No events

Internal exceptions (20 events):
Event: 15.398 Thread 0x00007fd811814800 Exception <a 'java/security/PrivilegedActionException'{0x00000007895248e8}> (0x00000007895248e8) thrown at [./src/hotspot/share/prims/jvm.cpp, line 1306]
Event: 15.398 Thread 0x00007fd811814800 Exception <a 'java/security/PrivilegedActionException'{0x00000007895253b0}> (0x00000007895253b0) thrown at [./src/hotspot/share/prims/jvm.cpp, line 1306]
Event: 15.398 Thread 0x00007fd811814800 Exception <a 'java/security/PrivilegedActionException'{0x0000000789526f70}> (0x0000000789526f70) thrown at [./src/hotspot/share/prims/jvm.cpp, line 1306]
Event: 15.398 Thread 0x00007fd811814800 Exception <a 'java/security/PrivilegedActionException'{0x0000000789527a38}> (0x0000000789527a38) thrown at [./src/hotspot/share/prims/jvm.cpp, line 1306]
Event: 15.398 Thread 0x00007fd811814800 Exception <a 'java/security/PrivilegedActionException'{0x00000007895295f0}> (0x00000007895295f0) thrown at [./src/hotspot/share/prims/jvm.cpp, line 1306]
Event: 15.398 Thread 0x00007fd811814800 Exception <a 'java/security/PrivilegedActionException'{0x000000078952a0b8}> (0x000000078952a0b8) thrown at [./src/hotspot/share/prims/jvm.cpp, line 1306]
Event: 15.398 Thread 0x00007fd811814800 Exception <a 'java/security/PrivilegedActionException'{0x000000078952bc90}> (0x000000078952bc90) thrown at [./src/hotspot/share/prims/jvm.cpp, line 1306]
Event: 15.398 Thread 0x00007fd811814800 Exception <a 'java/security/PrivilegedActionException'{0x000000078952c758}> (0x000000078952c758) thrown at [./src/hotspot/share/prims/jvm.cpp, line 1306]
Event: 15.398 Thread 0x00007fd811814800 Exception <a 'java/security/PrivilegedActionException'{0x000000078952e318}> (0x000000078952e318) thrown at [./src/hotspot/share/prims/jvm.cpp, line 1306]
Event: 15.398 Thread 0x00007fd811814800 Exception <a 'java/security/PrivilegedActionException'{0x000000078952ede0}> (0x000000078952ede0) thrown at [./src/hotspot/share/prims/jvm.cpp, line 1306]
Event: 15.398 Thread 0x00007fd811814800 Exception <a 'java/security/PrivilegedActionException'{0x0000000789530a28}> (0x0000000789530a28) thrown at [./src/hotspot/share/prims/jvm.cpp, line 1306]
Event: 15.398 Thread 0x00007fd811814800 Exception <a 'java/security/PrivilegedActionException'{0x00000007895314f0}> (0x00000007895314f0) thrown at [./src/hotspot/share/prims/jvm.cpp, line 1306]
Event: 15.399 Thread 0x00007fd811814800 Exception <a 'java/security/PrivilegedActionException'{0x00000007895330f0}> (0x00000007895330f0) thrown at [./src/hotspot/share/prims/jvm.cpp, line 1306]
Event: 15.399 Thread 0x00007fd811814800 Exception <a 'java/security/PrivilegedActionException'{0x0000000789533bb8}> (0x0000000789533bb8) thrown at [./src/hotspot/share/prims/jvm.cpp, line 1306]
Event: 15.399 Thread 0x00007fd811814800 Exception <a 'java/security/PrivilegedActionException'{0x0000000789535770}> (0x0000000789535770) thrown at [./src/hotspot/share/prims/jvm.cpp, line 1306]
Event: 15.399 Thread 0x00007fd811814800 Exception <a 'java/security/PrivilegedActionException'{0x0000000789536238}> (0x0000000789536238) thrown at [./src/hotspot/share/prims/jvm.cpp, line 1306]
Event: 15.399 Thread 0x00007fd811814800 Exception <a 'java/security/PrivilegedActionException'{0x0000000789537e40}> (0x0000000789537e40) thrown at [./src/hotspot/share/prims/jvm.cpp, line 1306]
Event: 15.399 Thread 0x00007fd811814800 Exception <a 'java/security/PrivilegedActionException'{0x0000000789538908}> (0x0000000789538908) thrown at [./src/hotspot/share/prims/jvm.cpp, line 1306]
Event: 15.399 Thread 0x00007fd811814800 Exception <a 'java/security/PrivilegedActionException'{0x000000078953a4e0}> (0x000000078953a4e0) thrown at [./src/hotspot/share/prims/jvm.cpp, line 1306]
Event: 15.399 Thread 0x00007fd811814800 Exception <a 'java/security/PrivilegedActionException'{0x000000078953afa8}> (0x000000078953afa8) thrown at [./src/hotspot/share/prims/jvm.cpp, line 1306]

Events (20 events):
Event: 15.455 loading class org/joda/time/YearMonth
Event: 15.455 loading class org/joda/time/YearMonth done
Event: 15.455 loading class org/joda/time$YearMonth
Event: 15.455 loading class org/joda/time$YearMonth done
Event: 15.455 loading class org/joda/time/YearMonth
Event: 15.455 loading class org/joda/time/YearMonth done
Event: 15.455 loading class org/joda/time$YearMonth
Event: 15.455 loading class org/joda/time$YearMonth done
Event: 15.458 loading class org/springframework/http/codec/ClientCodecConfigurer
Event: 15.458 loading class org/springframework/http/codec/ClientCodecConfigurer done
Event: 15.458 loading class org/springframework/http/codec/ClientCodecConfigurer
Event: 15.458 loading class org/springframework/http/codec/ClientCodecConfigurer done
Event: 15.459 loading class org/springframework/http/codec/multipart/DefaultPartHttpMessageReader
Event: 15.459 loading class org/springframework/http/codec/multipart/DefaultPartHttpMessageReader done
Event: 15.463 loading class com/appsmith/external/models/DBAuth$Type
Event: 15.463 loading class com/appsmith/external/models/DBAuth$Type done
Event: 15.464 loading class com/appsmith/external/models/DBAuth$Type
Event: 15.464 loading class com/appsmith/external/models/DBAuth$Type done
Event: 15.466 loading class com/appsmith/external/plugins/AppsmithPluginErrorUtils
Event: 15.466 loading class com/appsmith/external/plugins/AppsmithPluginErrorUtils done


Dynamic libraries:
0x0000000108cbb000 	/Users/anaghhegde/Library/Java/JavaVirtualMachines/adopt-openjdk-11.0.11/Contents/Home/lib/jli/libjli.dylib
0x00007ff829d20000 	/System/Library/Frameworks/Cocoa.framework/Versions/A/Cocoa
0x00007ff8155c1000 	/System/Library/Frameworks/AppKit.framework/Versions/C/AppKit
0x00007ff818b11000 	/System/Library/Frameworks/CoreData.framework/Versions/A/CoreData
0x00007ff8139dc000 	/System/Library/Frameworks/Foundation.framework/Versions/C/Foundation
0x00007ff81de04000 	/usr/lib/libSystem.B.dylib
0x00007ff81644e000 	/System/Library/PrivateFrameworks/UIFoundation.framework/Versions/A/UIFoundation
0x00007ff823cf8000 	/System/Library/PrivateFrameworks/RemoteViewServices.framework/Versions/A/RemoteViewServices
0x00007ff81bff7000 	/System/Library/PrivateFrameworks/XCTTargetBootstrap.framework/Versions/A/XCTTargetBootstrap
0x00007ff81fccf000 	/System/Library/PrivateFrameworks/InternationalSupport.framework/Versions/A/InternationalSupport
0x00007ff81fd59000 	/System/Library/PrivateFrameworks/UserActivity.framework/Versions/A/UserActivity
0x00007ff81f0b6000 	/usr/lib/libspindump.dylib
0x00007ff8166dc000 	/System/Library/Frameworks/UniformTypeIdentifiers.framework/Versions/A/UniformTypeIdentifiers
0x00007ff81a736000 	/usr/lib/libapp_launch_measurement.dylib
0x00007ff8194eb000 	/System/Library/PrivateFrameworks/CoreAnalytics.framework/Versions/A/CoreAnalytics
0x00007ff81a739000 	/System/Library/PrivateFrameworks/CoreAutoLayout.framework/Versions/A/CoreAutoLayout
0x00007ff81b958000 	/System/Library/Frameworks/Metal.framework/Versions/A/Metal
0x00007ff81c66f000 	/usr/lib/liblangid.dylib
0x00007ff81bffb000 	/System/Library/PrivateFrameworks/CoreSVG.framework/Versions/A/CoreSVG
0x00007ff817a9e000 	/System/Library/PrivateFrameworks/SkyLight.framework/Versions/A/SkyLight
0x00007ff817e2f000 	/System/Library/Frameworks/CoreGraphics.framework/Versions/A/CoreGraphics
0x00007ff824363000 	/System/Library/Frameworks/Accelerate.framework/Versions/A/Accelerate
0x00007ff81eb31000 	/System/Library/PrivateFrameworks/IconServices.framework/Versions/A/IconServices
0x00007ff81b93d000 	/System/Library/Frameworks/IOSurface.framework/Versions/A/IOSurface
0x00007ff819519000 	/usr/lib/libDiagnosticMessagesClient.dylib
0x00007ff81dd1e000 	/usr/lib/libz.1.dylib
0x00007ff8279c2000 	/System/Library/Frameworks/ApplicationServices.framework/Versions/A/ApplicationServices
0x00007ff81bfe3000 	/System/Library/PrivateFrameworks/DFRFoundation.framework/Versions/A/DFRFoundation
0x00007ff814eb2000 	/usr/lib/libicucore.A.dylib
0x00007ff8209f1000 	/System/Library/Frameworks/AudioToolbox.framework/Versions/A/AudioToolbox
0x00007ff81fcdb000 	/System/Library/PrivateFrameworks/DataDetectorsCore.framework/Versions/A/DataDetectorsCore
0x00007ff91b470000 	/System/Library/PrivateFrameworks/TextInput.framework/Versions/A/TextInput
0x00007ff817a21000 	/usr/lib/libMobileGestalt.dylib
0x00007ff81bceb000 	/System/Library/Frameworks/Carbon.framework/Versions/A/Frameworks/HIToolbox.framework/Versions/A/HIToolbox
0x00007ff81a164000 	/System/Library/Frameworks/QuartzCore.framework/Versions/A/QuartzCore
0x00007ff814b53000 	/System/Library/Frameworks/Security.framework/Versions/A/Security
0x00007ff823d30000 	/System/Library/Frameworks/Carbon.framework/Versions/A/Frameworks/SpeechRecognition.framework/Versions/A/SpeechRecognition
0x00007ff81a496000 	/System/Library/PrivateFrameworks/CoreUI.framework/Versions/A/CoreUI
0x00007ff81442d000 	/System/Library/Frameworks/CoreAudio.framework/Versions/A/CoreAudio
0x00007ff819607000 	/System/Library/Frameworks/DiskArbitration.framework/Versions/A/DiskArbitration
0x00007ff81f499000 	/System/Library/PrivateFrameworks/MultitouchSupport.framework/Versions/A/MultitouchSupport
0x00007ff817a20000 	/usr/lib/libenergytrace.dylib
0x00007ff8154ad000 	/System/Library/Frameworks/IOKit.framework/Versions/A/IOKit
0x00007ff82411a000 	/System/Library/Frameworks/CoreServices.framework/Versions/A/CoreServices
0x00007ff81a6d0000 	/System/Library/PrivateFrameworks/PerformanceAnalysis.framework/Versions/A/PerformanceAnalysis
0x00007ffa2aedf000 	/System/Library/Frameworks/OpenGL.framework/Versions/A/OpenGL
0x00007ff81d356000 	/System/Library/PrivateFrameworks/MobileKeyBag.framework/Versions/A/MobileKeyBag
0x00007ff812a74000 	/usr/lib/libobjc.A.dylib
0x00007ff81855e000 	/System/Library/Frameworks/ColorSync.framework/Versions/A/ColorSync
0x00007ff812c30000 	/System/Library/Frameworks/CoreFoundation.framework/Versions/A/CoreFoundation
0x00007ff81c276000 	/System/Library/Frameworks/CoreImage.framework/Versions/A/CoreImage
0x00007ff814243000 	/System/Library/Frameworks/CoreText.framework/Versions/A/CoreText
0x00007ff81c02a000 	/System/Library/Frameworks/ImageIO.framework/Versions/A/ImageIO
0x00007ff81de0a000 	/System/Library/PrivateFrameworks/SoftLinking.framework/Versions/A/SoftLinking
0x00007ff81a781000 	/usr/lib/libxml2.2.dylib
0x00007ff812b3d000 	/usr/lib/libc++.1.dylib
0x00007ff81e08a000 	/usr/lib/libcompression.dylib
0x00007ff81fc05000 	/System/Library/PrivateFrameworks/TextureIO.framework/Versions/A/TextureIO
0x00007ff81e7aa000 	/usr/lib/libate.dylib
0x00007ff81ddff000 	/usr/lib/system/libcache.dylib
0x00007ff81ddbb000 	/usr/lib/system/libcommonCrypto.dylib
0x00007ff81dde4000 	/usr/lib/system/libcompiler_rt.dylib
0x00007ff81ddda000 	/usr/lib/system/libcopyfile.dylib
0x00007ff81296e000 	/usr/lib/system/libcorecrypto.dylib
0x00007ff812a2d000 	/usr/lib/system/libdispatch.dylib
0x00007ff812bef000 	/usr/lib/system/libdyld.dylib
0x00007ff81ddf6000 	/usr/lib/system/libkeymgr.dylib
0x00007ff81dd99000 	/usr/lib/system/libmacho.dylib
0x00007ff81d42a000 	/usr/lib/system/libquarantine.dylib
0x00007ff81ddf4000 	/usr/lib/system/libremovefile.dylib
0x00007ff817a6d000 	/usr/lib/system/libsystem_asl.dylib
0x00007ff81291c000 	/usr/lib/system/libsystem_blocks.dylib
0x00007ff812ab4000 	/usr/lib/system/libsystem_c.dylib
0x00007ff81ddec000 	/usr/lib/system/libsystem_collections.dylib
0x00007ff81c660000 	/usr/lib/system/libsystem_configuration.dylib
0x00007ff81b920000 	/usr/lib/system/libsystem_containermanager.dylib
0x00007ff81dad2000 	/usr/lib/system/libsystem_coreservices.dylib
0x00007ff81513b000 	/usr/lib/system/libsystem_darwin.dylib
0x00007ff81ddf7000 	/usr/lib/system/libsystem_dnssd.dylib
0x00007ff812ab1000 	/usr/lib/system/libsystem_featureflags.dylib
0x00007ff812c05000 	/usr/lib/system/libsystem_info.dylib
0x00007ff81dd31000 	/usr/lib/system/libsystem_m.dylib
0x00007ff812a01000 	/usr/lib/system/libsystem_malloc.dylib
0x00007ff817a0a000 	/usr/lib/system/libsystem_networkextension.dylib
0x00007ff815563000 	/usr/lib/system/libsystem_notify.dylib
0x00007ff823ff1000 	/usr/lib/system/libsystem_product_info_filter.dylib
0x00007ff81c664000 	/usr/lib/system/libsystem_sandbox.dylib
0x00007ff81ddf1000 	/usr/lib/system/libsystem_secinit.dylib
0x00007ff812bac000 	/usr/lib/system/libsystem_kernel.dylib
0x00007ff812bfb000 	/usr/lib/system/libsystem_platform.dylib
0x00007ff812be3000 	/usr/lib/system/libsystem_pthread.dylib
0x00007ff819331000 	/usr/lib/system/libsystem_symptoms.dylib
0x00007ff812955000 	/usr/lib/system/libsystem_trace.dylib
0x00007ff81ddc7000 	/usr/lib/system/libunwind.dylib
0x00007ff81291e000 	/usr/lib/system/libxpc.dylib
0x00007ff812b96000 	/usr/lib/libc++abi.dylib
0x00007ff81ddd2000 	/usr/lib/liboah.dylib
0x00007ff81e563000 	/usr/lib/liblzma.5.dylib
0x00007ff8136ed000 	/System/Library/Frameworks/SystemConfiguration.framework/Versions/A/SystemConfiguration
0x00007ff81de06000 	/usr/lib/libfakelink.dylib
0x00007ff817574000 	/System/Library/Frameworks/CFNetwork.framework/Versions/A/CFNetwork
0x00007ff81df45000 	/usr/lib/libarchive.2.dylib
0x00007ff81c66b000 	/System/Library/PrivateFrameworks/AppleSystemInfo.framework/Versions/A/AppleSystemInfo
0x00007ff81d450000 	/usr/lib/libbsm.0.dylib
0x00007ff816bab000 	/usr/lib/libnetwork.dylib
0x00007ff81dd9f000 	/usr/lib/system/libkxld.dylib
0x00007ff81d07f000 	/System/Library/PrivateFrameworks/IOMobileFramebuffer.framework/Versions/A/IOMobileFramebuffer
0x00007ffb28881000 	/usr/lib/libCoreEntitlements.dylib
0x00007ff81dab4000 	/System/Library/PrivateFrameworks/AppleFSCompression.framework/Versions/A/AppleFSCompression
0x00007ff81d439000 	/usr/lib/libcoretls.dylib
0x00007ff81e57d000 	/usr/lib/libcoretls_cfhelpers.dylib
0x00007ff81e085000 	/usr/lib/libpam.2.dylib
0x00007ff818f57000 	/usr/lib/libsqlite3.dylib
0x00007ff81e5ec000 	/usr/lib/libxar.1.dylib
0x00007ff81dac4000 	/usr/lib/libbz2.1.0.dylib
0x00007ff81de0b000 	/usr/lib/libpcap.A.dylib
0x00007ff819328000 	/usr/lib/libdns_services.dylib
0x00007ff81e057000 	/usr/lib/libapple_nghttp2.dylib
0x00007ff81de42000 	/usr/lib/libiconv.2.dylib
0x00007ff81dd98000 	/usr/lib/libcharset.1.dylib
0x00007ff81a704000 	/System/Library/Frameworks/CoreServices.framework/Versions/A/Frameworks/FSEvents.framework/Versions/A/FSEvents
0x00007ff815145000 	/System/Library/Frameworks/CoreServices.framework/Versions/A/Frameworks/CarbonCore.framework/Versions/A/CarbonCore
0x00007ff81956c000 	/System/Library/Frameworks/CoreServices.framework/Versions/A/Frameworks/Metadata.framework/Versions/A/Metadata
0x00007ff81dad7000 	/System/Library/Frameworks/CoreServices.framework/Versions/A/Frameworks/OSServices.framework/Versions/A/OSServices
0x00007ff81dfcb000 	/System/Library/Frameworks/CoreServices.framework/Versions/A/Frameworks/SearchKit.framework/Versions/A/SearchKit
0x00007ff8192ba000 	/System/Library/Frameworks/CoreServices.framework/Versions/A/Frameworks/AE.framework/Versions/A/AE
0x00007ff813131000 	/System/Library/Frameworks/CoreServices.framework/Versions/A/Frameworks/LaunchServices.framework/Versions/A/LaunchServices
0x00007ff81e514000 	/System/Library/Frameworks/CoreServices.framework/Versions/A/Frameworks/DictionaryServices.framework/Versions/A/DictionaryServices
0x00007ff81a711000 	/System/Library/Frameworks/CoreServices.framework/Versions/A/Frameworks/SharedFileList.framework/Versions/A/SharedFileList
0x00007ff81d42d000 	/usr/lib/libCheckFix.dylib
0x00007ff817a84000 	/System/Library/PrivateFrameworks/TCC.framework/Versions/A/TCC
0x00007ff81c671000 	/System/Library/PrivateFrameworks/CoreNLP.framework/Versions/A/CoreNLP
0x00007ff81951c000 	/System/Library/PrivateFrameworks/MetadataUtilities.framework/Versions/A/MetadataUtilities
0x00007ff81379d000 	/usr/lib/libmecabra.dylib
0x00007ff81d460000 	/usr/lib/libmecab.dylib
0x00007ff813768000 	/usr/lib/libCRFSuite.dylib
0x00007ff81d4bd000 	/usr/lib/libgermantok.dylib
0x00007ff81e032000 	/usr/lib/libThaiTokenizer.dylib
0x00007ff81960e000 	/System/Library/Frameworks/Accelerate.framework/Versions/A/Frameworks/vImage.framework/Versions/A/vImage
0x00007ff8240f1000 	/System/Library/Frameworks/Accelerate.framework/Versions/A/Frameworks/vecLib.framework/Versions/A/vecLib
0x00007ff81e62d000 	/System/Library/Frameworks/Accelerate.framework/Versions/A/Frameworks/vecLib.framework/Versions/A/libvMisc.dylib
0x00007ff81ce73000 	/System/Library/Frameworks/Accelerate.framework/Versions/A/Frameworks/vecLib.framework/Versions/A/libvDSP.dylib
0x00007ff8134a9000 	/System/Library/Frameworks/Accelerate.framework/Versions/A/Frameworks/vecLib.framework/Versions/A/libBLAS.dylib
0x00007ff81e167000 	/System/Library/Frameworks/Accelerate.framework/Versions/A/Frameworks/vecLib.framework/Versions/A/libLAPACK.dylib
0x00007ff81d4c0000 	/System/Library/Frameworks/Accelerate.framework/Versions/A/Frameworks/vecLib.framework/Versions/A/libLinearAlgebra.dylib
0x00007ff81e070000 	/System/Library/Frameworks/Accelerate.framework/Versions/A/Frameworks/vecLib.framework/Versions/A/libSparseBLAS.dylib
0x00007ff81e161000 	/System/Library/Frameworks/Accelerate.framework/Versions/A/Frameworks/vecLib.framework/Versions/A/libQuadrature.dylib
0x00007ff81c75b000 	/System/Library/Frameworks/Accelerate.framework/Versions/A/Frameworks/vecLib.framework/Versions/A/libBNNS.dylib
0x00007ff81367e000 	/System/Library/Frameworks/Accelerate.framework/Versions/A/Frameworks/vecLib.framework/Versions/A/libSparse.dylib
0x00007ff81c754000 	/System/Library/PrivateFrameworks/LinguisticData.framework/Versions/A/LinguisticData
0x00007ff813633000 	/System/Library/PrivateFrameworks/Lexicon.framework/Versions/A/Lexicon
0x00007ff81e626000 	/usr/lib/libChineseTokenizer.dylib
0x00007ff813d97000 	/System/Library/PrivateFrameworks/LanguageModeling.framework/Versions/A/LanguageModeling
0x00007ff81e034000 	/System/Library/PrivateFrameworks/AppleSauce.framework/Versions/A/AppleSauce
0x00007ff81d06d000 	/System/Library/PrivateFrameworks/CoreEmoji.framework/Versions/A/CoreEmoji
0x00007ff81df34000 	/usr/lib/libcmph.dylib
0x00007ff81a6e8000 	/System/Library/Frameworks/OpenDirectory.framework/Versions/A/Frameworks/CFOpenDirectory.framework/Versions/A/CFOpenDirectory
0x00007ff81a6dc000 	/System/Library/Frameworks/OpenDirectory.framework/Versions/A/OpenDirectory
0x00007ff81e57f000 	/System/Library/PrivateFrameworks/APFS.framework/Versions/A/APFS
0x00007ff81d38e000 	/System/Library/Frameworks/SecurityFoundation.framework/Versions/A/SecurityFoundation
0x00007ff81e5fa000 	/usr/lib/libutil.dylib
0x00007ff815470000 	/System/Library/PrivateFrameworks/CoreServicesStore.framework/Versions/A/CoreServicesStore
0x00007ff81e5fe000 	/usr/lib/libxslt.1.dylib
0x00007ff81d41b000 	/System/Library/PrivateFrameworks/BackgroundTaskManagement.framework/Versions/A/BackgroundTaskManagement
0x00007ff81fb27000 	/System/Library/Frameworks/ImageIO.framework/Versions/A/Resources/libRadiance.dylib
0x00007ff81fb30000 	/System/Library/Frameworks/ImageIO.framework/Versions/A/Resources/libJPEG.dylib
0x00007ff81fa81000 	/System/Library/Frameworks/ImageIO.framework/Versions/A/Resources/libPng.dylib
0x00007ff81faa2000 	/System/Library/Frameworks/ImageIO.framework/Versions/A/Resources/libTIFF.dylib
0x00007ff81fb8e000 	/System/Library/Frameworks/ImageIO.framework/Versions/A/Resources/libGIF.dylib
0x00007ff81f3b6000 	/System/Library/Frameworks/ImageIO.framework/Versions/A/Resources/libJP2.dylib
0x00007ff81eaf8000 	/usr/lib/libexpat.1.dylib
0x00007ff81f36b000 	/System/Library/PrivateFrameworks/AppleJPEG.framework/Versions/A/AppleJPEG
0x00007ff81bbb2000 	/System/Library/PrivateFrameworks/FontServices.framework/libFontParser.dylib
0x00007ff819264000 	/System/Library/PrivateFrameworks/RunningBoardServices.framework/Versions/A/RunningBoardServices
0x00007ff82a291000 	/System/Library/PrivateFrameworks/IOSurfaceAccelerator.framework/Versions/A/IOSurfaceAccelerator
0x00007ff81f495000 	/System/Library/PrivateFrameworks/WatchdogClient.framework/Versions/A/WatchdogClient
0x00007ff813e86000 	/System/Library/Frameworks/CoreDisplay.framework/Versions/A/CoreDisplay
0x00007ff81bab2000 	/System/Library/Frameworks/CoreMedia.framework/Versions/A/CoreMedia
0x00007ff81b94f000 	/System/Library/PrivateFrameworks/IOAccelerator.framework/Versions/A/IOAccelerator
0x00007ff81a864000 	/System/Library/Frameworks/CoreVideo.framework/Versions/A/CoreVideo
0x00007ff81e083000 	/System/Library/Frameworks/MetalPerformanceShaders.framework/Versions/A/MetalPerformanceShaders
0x00007ff81f4d0000 	/System/Library/Frameworks/VideoToolbox.framework/Versions/A/VideoToolbox
0x00007ff8191ac000 	/System/Library/PrivateFrameworks/BaseBoard.framework/Versions/A/BaseBoard
0x00007ff818f3d000 	/System/Library/PrivateFrameworks/ProtocolBuffer.framework/Versions/A/ProtocolBuffer
0x00007ff81fb20000 	/System/Library/PrivateFrameworks/GPUWrangler.framework/Versions/A/GPUWrangler
0x00007ff81fb03000 	/System/Library/PrivateFrameworks/IOPresentment.framework/Versions/A/IOPresentment
0x00007ff81fb2a000 	/System/Library/PrivateFrameworks/DSExternalDisplay.framework/Versions/A/DSExternalDisplay
0x00007ffa2aed3000 	/System/Library/Frameworks/OpenGL.framework/Versions/A/Libraries/libCoreFSCache.dylib
0x00007ffb16e80000 	/System/Library/PrivateFrameworks/GPUCompiler.framework/Versions/31001/Libraries/libGPUCompilerUtils.dylib
0x00007ff81fb93000 	/System/Library/PrivateFrameworks/CMCaptureCore.framework/Versions/A/CMCaptureCore
0x00007ff81f0a4000 	/System/Library/PrivateFrameworks/AppServerSupport.framework/Versions/A/AppServerSupport
0x00007ff82126e000 	/System/Library/PrivateFrameworks/perfdata.framework/Versions/A/perfdata
0x00007ff813fb2000 	/System/Library/PrivateFrameworks/AudioToolboxCore.framework/Versions/A/AudioToolboxCore
0x00007ff81ba8f000 	/System/Library/PrivateFrameworks/caulk.framework/Versions/A/caulk
0x00007ff820b9b000 	/usr/lib/libAudioStatistics.dylib
0x00007ff917d2f000 	/System/Library/PrivateFrameworks/SystemPolicy.framework/Versions/A/SystemPolicy
0x00007ff820de7000 	/usr/lib/libSMC.dylib
0x00007ff829bd3000 	/System/Library/Frameworks/CoreMIDI.framework/Versions/A/CoreMIDI
0x00007ff81fa51000 	/usr/lib/libAudioToolboxUtility.dylib
0x00007ff9141b7000 	/System/Library/PrivateFrameworks/OSAServicesClient.framework/Versions/A/OSAServicesClient
0x00007ff82127b000 	/usr/lib/libperfcheck.dylib
0x00007ff9187bb000 	/usr/lib/libmis.dylib
0x00007ffa2af2f000 	/System/Library/Frameworks/OpenGL.framework/Versions/A/Libraries/libGLU.dylib
0x00007ffa2aef2000 	/System/Library/Frameworks/OpenGL.framework/Versions/A/Libraries/libGFXShared.dylib
0x00007ffa2b100000 	/System/Library/Frameworks/OpenGL.framework/Versions/A/Libraries/libGL.dylib
0x00007ffa2aefb000 	/System/Library/Frameworks/OpenGL.framework/Versions/A/Libraries/libGLImage.dylib
0x00007ffa2aeef000 	/System/Library/Frameworks/OpenGL.framework/Versions/A/Libraries/libCVMSPluginSupport.dylib
0x00007ffa2aeda000 	/System/Library/Frameworks/OpenGL.framework/Versions/A/Libraries/libCoreVMClient.dylib
0x00007ff81c5ef000 	/System/Library/Frameworks/MetalPerformanceShaders.framework/Versions/A/Frameworks/MPSCore.framework/Versions/A/MPSCore
0x00007ff81da1f000 	/System/Library/Frameworks/MetalPerformanceShaders.framework/Versions/A/Frameworks/MPSImage.framework/Versions/A/MPSImage
0x00007ff81d4d6000 	/System/Library/Frameworks/MetalPerformanceShaders.framework/Versions/A/Frameworks/MPSNeuralNetwork.framework/Versions/A/MPSNeuralNetwork
0x00007ff81d94b000 	/System/Library/Frameworks/MetalPerformanceShaders.framework/Versions/A/Frameworks/MPSMatrix.framework/Versions/A/MPSMatrix
0x00007ff81d707000 	/System/Library/Frameworks/MetalPerformanceShaders.framework/Versions/A/Frameworks/MPSRayIntersector.framework/Versions/A/MPSRayIntersector
0x00007ff81d984000 	/System/Library/Frameworks/MetalPerformanceShaders.framework/Versions/A/Frameworks/MPSNDArray.framework/Versions/A/MPSNDArray
0x00007ffa2fad8000 	/System/Library/Frameworks/MetalPerformanceShaders.framework/Versions/A/Frameworks/MPSFunctions.framework/Versions/A/MPSFunctions
0x00007ff81338c000 	/System/Library/PrivateFrameworks/MetalTools.framework/Versions/A/MetalTools
0x00007ff81c669000 	/System/Library/PrivateFrameworks/AggregateDictionary.framework/Versions/A/AggregateDictionary
0x00007ff81e8da000 	/usr/lib/libIOReport.dylib
0x00007ffa2c50f000 	/System/Library/Frameworks/OpenCL.framework/Versions/A/OpenCL
0x00007ff81ec3e000 	/System/Library/PrivateFrameworks/FaceCore.framework/Versions/A/FaceCore
0x00007ff81ec2f000 	/System/Library/PrivateFrameworks/GraphVisualizer.framework/Versions/A/GraphVisualizer
0x00007ffb16d8b000 	/System/Library/PrivateFrameworks/FontServices.framework/Versions/A/FontServices
0x00007ff81f05b000 	/System/Library/PrivateFrameworks/OTSVG.framework/Versions/A/OTSVG
0x00007ff81a44c000 	/System/Library/Frameworks/ApplicationServices.framework/Versions/A/Frameworks/ATS.framework/Versions/A/Resources/libFontRegistry.dylib
0x00007ff81f0ac000 	/System/Library/PrivateFrameworks/FontServices.framework/libhvf.dylib
0x00007ffb16d8c000 	/System/Library/PrivateFrameworks/FontServices.framework/libXTFontStaticRegistryData.dylib
0x00007ff81eaa8000 	/System/Library/PrivateFrameworks/AppleVA.framework/Versions/A/AppleVA
0x00007ff820bbb000 	/System/Library/Frameworks/ApplicationServices.framework/Versions/A/Frameworks/ATS.framework/Versions/A/ATS
0x00007ff81865a000 	/System/Library/Frameworks/ApplicationServices.framework/Versions/A/Frameworks/HIServices.framework/Versions/A/HIServices
0x00007ff81fb9d000 	/System/Library/Frameworks/ApplicationServices.framework/Versions/A/Frameworks/PrintCore.framework/Versions/A/PrintCore
0x00007ff820f3a000 	/System/Library/Frameworks/ApplicationServices.framework/Versions/A/Frameworks/QD.framework/Versions/A/QD
0x00007ff820f32000 	/System/Library/Frameworks/ApplicationServices.framework/Versions/A/Frameworks/ColorSyncLegacy.framework/Versions/A/ColorSyncLegacy
0x00007ff820bab000 	/System/Library/Frameworks/ApplicationServices.framework/Versions/A/Frameworks/SpeechSynthesis.framework/Versions/A/SpeechSynthesis
0x00007ff81fb5e000 	/System/Library/Frameworks/ApplicationServices.framework/Versions/A/Frameworks/ATSUI.framework/Versions/A/ATSUI
0x00007ff820ec7000 	/usr/lib/libcups.2.dylib
0x00007ff82128a000 	/System/Library/Frameworks/Kerberos.framework/Versions/A/Kerberos
0x00007ff821299000 	/System/Library/Frameworks/GSS.framework/Versions/A/GSS
0x00007ff820c27000 	/usr/lib/libresolv.9.dylib
0x00007ff81f0bb000 	/System/Library/PrivateFrameworks/Heimdal.framework/Versions/A/Heimdal
0x00007ff827d3d000 	/System/Library/Frameworks/Kerberos.framework/Versions/A/Libraries/libHeimdalProxy.dylib
0x00007ff819339000 	/System/Library/Frameworks/Network.framework/Versions/A/Network
0x00007ff81eb12000 	/usr/lib/libheimdal-asn1.dylib
0x00007ff8212e4000 	/System/Library/PrivateFrameworks/CommonAuth.framework/Versions/A/CommonAuth
0x00007ff820b2c000 	/System/Library/PrivateFrameworks/AudioSession.framework/Versions/A/AudioSession
0x00007ff81eba2000 	/System/Library/PrivateFrameworks/MediaExperience.framework/Versions/A/MediaExperience
0x00007ff8209c0000 	/System/Library/PrivateFrameworks/AudioSession.framework/libSessionUtility.dylib
0x00007ff820f46000 	/System/Library/PrivateFrameworks/AudioResourceArbitration.framework/Versions/A/AudioResourceArbitration
0x00007ff81eb1b000 	/System/Library/PrivateFrameworks/IconFoundation.framework/Versions/A/IconFoundation
0x00007ff823d20000 	/System/Library/PrivateFrameworks/SpeechRecognitionCore.framework/Versions/A/SpeechRecognitionCore
0x0000000109ab5000 	/Users/anaghhegde/Library/Java/JavaVirtualMachines/adopt-openjdk-11.0.11/Contents/Home/lib/server/libjvm.dylib
0x0000000108d99000 	/Users/anaghhegde/Library/Java/JavaVirtualMachines/adopt-openjdk-11.0.11/Contents/Home/lib/libverify.dylib
0x0000000108dbe000 	/Users/anaghhegde/Library/Java/JavaVirtualMachines/adopt-openjdk-11.0.11/Contents/Home/lib/libjava.dylib
0x0000000108d2b000 	/Users/anaghhegde/Library/Java/JavaVirtualMachines/adopt-openjdk-11.0.11/Contents/Home/lib/libjimage.dylib
0x0000000108e35000 	/Users/anaghhegde/Library/Java/JavaVirtualMachines/adopt-openjdk-11.0.11/Contents/Home/lib/libinstrument.dylib
0x0000000108e88000 	/private/var/folders/b2/51bw0q6j44v34k9lkng9wts80000gn/T/libasyncProfiler.so
0x0000000108e65000 	/Users/anaghhegde/Library/Java/JavaVirtualMachines/adopt-openjdk-11.0.11/Contents/Home/lib/libzip.dylib
0x000000012c4f8000 	/Users/anaghhegde/Library/Java/JavaVirtualMachines/adopt-openjdk-11.0.11/Contents/Home/lib/libnio.dylib
0x000000012c53d000 	/Users/anaghhegde/Library/Java/JavaVirtualMachines/adopt-openjdk-11.0.11/Contents/Home/lib/libnet.dylib
0x0000000108d64000 	/Users/anaghhegde/Library/Java/JavaVirtualMachines/adopt-openjdk-11.0.11/Contents/Home/lib/libextnet.dylib
0x000000012c605000 	/Users/anaghhegde/Library/Java/JavaVirtualMachines/adopt-openjdk-11.0.11/Contents/Home/lib/libmanagement.dylib
0x000000012c629000 	/Users/anaghhegde/Library/Java/JavaVirtualMachines/adopt-openjdk-11.0.11/Contents/Home/lib/libmanagement_ext.dylib
0x00000001302a3000 	/private/var/folders/b2/51bw0q6j44v34k9lkng9wts80000gn/T/libnetty_resolver_dns_native_macos_x86_6414369533301363408848.dylib
0x00000001302d9000 	/private/var/folders/b2/51bw0q6j44v34k9lkng9wts80000gn/T/libnetty_transport_native_kqueue_x86_6412844458336706383287.dylib


VM Arguments:
jvm_args: -Dpf4j.mode=development -Dpf4j.pluginsDir=appsmith-plugins -XX:TieredStopAtLevel=1 -Xverify:none -Dspring.output.ansi.enabled=always -javaagent:/Applications/IntelliJ IDEA.app/Contents/lib/idea_rt.jar=49173:/Applications/IntelliJ IDEA.app/Contents/bin -Dcom.sun.management.jmxremote -Dspring.jmx.enabled=true -Dspring.liveBeansView.mbeanDomain -Dspring.application.admin.enabled=true -agentpath:/private/var/folders/b2/51bw0q6j44v34k9lkng9wts80000gn/T/libasyncProfiler.so=start,jfr,interval=1ms,framebuf=15000000,file=/Users/anaghhegde/AppsmithServer_2022_06_17_144448.jfr -Dfile.encoding=UTF-8 
java_command: com.appsmith.server.ServerApplication
java_class_path (initial): /Users/anaghhegde/workspace/appsmith/app/server/appsmith-server/target/classes:/Users/anaghhegde/.m2/repository/org/springframework/boot/spring-boot-starter-cache/2.5.9/spring-boot-starter-cache-2.5.9.jar:/Users/anaghhegde/.m2/repository/org/springframework/boot/spring-boot-starter/2.5.9/spring-boot-starter-2.5.9.jar:/Users/anaghhegde/.m2/repository/org/springframework/boot/spring-boot/2.5.9/spring-boot-2.5.9.jar:/Users/anaghhegde/.m2/repository/org/springframework/boot/spring-boot-starter-logging/2.5.9/spring-boot-starter-logging-2.5.9.jar:/Users/anaghhegde/.m2/repository/ch/qos/logback/logback-classic/1.2.10/logback-classic-1.2.10.jar:/Users/anaghhegde/.m2/repository/ch/qos/logback/logback-core/1.2.10/logback-core-1.2.10.jar:/Users/anaghhegde/.m2/repository/org/apache/logging/log4j/log4j-to-slf4j/2.17.1/log4j-to-slf4j-2.17.1.jar:/Users/anaghhegde/.m2/repository/org/apache/logging/log4j/log4j-api/2.17.1/log4j-api-2.17.1.jar:/Users/anaghhegde/.m2/repository/org/slf4j/jul-to-slf4j/1.7.33/jul-to-slf4j-1.7.33.jar:/Users/anaghhegde/.m2/repository/jakarta/annotation/jakarta.annotation-api/1.3.5/jakarta.annotation-api-1.3.5.jar:/Users/anaghhegde/.m2/repository/org/springframework/spring-context-support/5.3.15/spring-context-support-5.3.15.jar:/Users/anaghhegde/.m2/repository/org/springframework/boot/spring-boot-starter-security/2.5.9/spring-boot-starter-security-2.5.9.jar:/Users/anaghhegde/.m2/repository/org/springframework/spring-aop/5.3.15/spring-aop-5.3.15.jar:/Users/anaghhegde/.m2/repository/org/springframework/security/spring-security-web/5.5.4/spring-security-web-5.5.4.jar:/Users/anaghhegde/.m2/repository/org/springframework/spring-expression/5.3.15/spring-expression-5.3.15.jar:/Users/anaghhegde/.m2/repository/org/springframework/security/spring-security-oauth2-client/5.5.4/spring-security-oauth2-client-5.5.4.jar:/Users/anaghhegde/.m2/repository/org/springframework/security/spring-security-core/5.5.4/spring-security-core-5.5.4.jar:/Users
Launcher Type: SUN_STANDARD

[Global flags]
     bool BytecodeVerificationLocal                = false                                     {product} {command line}
     bool BytecodeVerificationRemote               = false                                     {product} {command line}
     intx CICompilerCount                          = 4                                         {product} {ergonomic}
     uint ConcGCThreads                            = 2                                         {product} {ergonomic}
     uint G1ConcRefinementThreads                  = 8                                         {product} {ergonomic}
   size_t G1HeapRegionSize                         = 1048576                                   {product} {ergonomic}
    uintx GCDrainStackTargetSize                   = 64                                        {product} {ergonomic}
   size_t InitialHeapSize                          = 134217728                                 {product} {ergonomic}
     bool ManagementServer                         = true                                      {product} {command line}
   size_t MarkStackSize                            = 4194304                                   {product} {ergonomic}
   size_t MaxHeapSize                              = 2147483648                                {product} {ergonomic}
   size_t MaxNewSize                               = 1287651328                                {product} {ergonomic}
   size_t MinHeapDeltaBytes                        = 1048576                                   {product} {ergonomic}
    uintx NonNMethodCodeHeapSize                   = 7549744                                {pd product} {ergonomic}
    uintx NonProfiledCodeHeapSize                  = 244108496                              {pd product} {ergonomic}
    uintx ProfiledCodeHeapSize                     = 0                                      {pd product} {ergonomic}
    uintx ReservedCodeCacheSize                    = 251658240                              {pd product} {ergonomic}
     bool SegmentedCodeCache                       = true                                      {product} {ergonomic}
     intx TieredStopAtLevel                        = 1                                         {product} {command line}
     bool UseCompressedClassPointers               = true                                 {lp64_product} {ergonomic}
     bool UseCompressedOops                        = true                                 {lp64_product} {ergonomic}
     bool UseG1GC                                  = true                                      {product} {ergonomic}

Logging:
Log output configuration:
 #0: stdout all=warning uptime,level,tags
 #1: stderr all=off uptime,level,tags

Environment Variables:
JAVA_HOME=/Users/anaghhegde/workspace/java/Contents/Home/
PATH=/Users/anaghhegde/workspace/java/Contents/Home/bin:/Users/anaghhegde/workspace/apache-maven-3.8.1/bin:/opt/homebrew/bin:/usr/local/bin:/usr/bin:/bin:/usr/sbin:/sbin:/usr/local/go/bin:/Library/Apple/usr/bin:/Applications/Visual Studio Code.app/Contents/Resources/app/bin:
SHELL=/bin/zsh
LC_CTYPE=en_IN.UTF-8

Signal Handlers:
SIGSEGV: [libjvm.dylib+0x7bc7ea], sa_mask[0]=11111111111111111111111111111111, sa_flags=SA_ONSTACK|SA_RESTART|SA_SIGINFO
SIGBUS: [libjvm.dylib+0x7bc7ea], sa_mask[0]=11111111111111111111111111111111, sa_flags=SA_RESTART|SA_SIGINFO
SIGFPE: [libjvm.dylib+0x7bc7ea], sa_mask[0]=11111111111111111111111111111111, sa_flags=SA_RESTART|SA_SIGINFO
SIGPIPE: [libjvm.dylib+0x62226b], sa_mask[0]=11111111111111111111111111111111, sa_flags=SA_RESTART|SA_SIGINFO
SIGXFSZ: [libjvm.dylib+0x62226b], sa_mask[0]=11111111111111111111111111111111, sa_flags=SA_RESTART|SA_SIGINFO
SIGILL: [libjvm.dylib+0x7bc7ea], sa_mask[0]=11111111111111111111111111111111, sa_flags=SA_RESTART|SA_SIGINFO
SIGUSR2: [libjvm.dylib+0x622853], sa_mask[0]=00100000000000000000000000000000, sa_flags=SA_RESTART|SA_SIGINFO
SIGHUP: [libjvm.dylib+0x6213f1], sa_mask[0]=11111111111111111111111111111111, sa_flags=SA_RESTART|SA_SIGINFO
SIGINT: [libjvm.dylib+0x6213f1], sa_mask[0]=11111111111111111111111111111111, sa_flags=SA_RESTART|SA_SIGINFO
SIGTERM: [libjvm.dylib+0x6213f1], sa_mask[0]=11111111111111111111111111111111, sa_flags=SA_RESTART|SA_SIGINFO
SIGQUIT: [libjvm.dylib+0x6213f1], sa_mask[0]=11111111111111111111111111111111, sa_flags=SA_RESTART|SA_SIGINFO


---------------  S Y S T E M  ---------------

OS:uname:Darwin 21.1.0 Darwin Kernel Version 21.1.0: Wed Oct 13 17:33:24 PDT 2021; root:xnu-8019.41.5~1/RELEASE_ARM64_T8101 x86_64
OS uptime: 1 days 3:17 hours
rlimit (soft/hard): STACK 8176k/65520k , CORE 0k/infinity , NPROC 1333/2000 , NOFILE 10240/infinity , AS infinity/infinity , CPU infinity/infinity , DATA infinity/infinity , FSIZE infinity/infinity , MEMLOCK infinity/infinity , RSS infinity/infinity
load average:6.33 4.17 3.43

CPU:total 8 (initial active 8) (1 cores per cpu, 1 threads per core) family 6 model 44 stepping 0 microcode 0x0, cmov, cx8, fxsr, mmx, sse, sse2, sse3, ssse3, sse4.1, sse4.2, popcnt, aes, clmul, tsc, tscinvbit, tscinv

Memory: 4k page, physical 8388608k(23908k free), swap 6291456k(406528k free)

vm_info: OpenJDK 64-Bit Server VM (11.0.11+9) for bsd-amd64 JRE (11.0.11+9), built on Apr 20 2021 22:06:18 by "jenkins" with gcc 4.2.1 Compatible Apple LLVM 10.0.1 (clang-1001.0.46.4)

END.
